#
# There is insufficient memory for the Java Runtime Environment to continue.
# Native memory allocation (mmap) failed to map 8388608 bytes. Error detail: G1 virtual space
# Possible reasons:
#   The system is out of physical RAM or swap space
#   This process is running with CompressedOops enabled, and the Java Heap may be blocking the growth of the native heap
# Possible solutions:
#   Reduce memory load on the system
#   Increase physical memory or swap space
#   Check if swap backing store is full
#   Decrease Java heap size (-Xmx/-Xms)
#   Decrease number of Java threads
#   Decrease Java thread stack sizes (-Xss)
#   Set larger code cache with -XX:ReservedCodeCacheSize=
#   JVM is running with Unscaled Compressed Oops mode in which the Java heap is
#     placed in the first 4GB address space. The Java Heap base address is the
#     maximum limit for the native heap growth. Please use -XX:HeapBaseMinAddress
#     to set the Java Heap base and to place the Java Heap above 4GB virtual address.
# This output file may be truncated or incomplete.
#
#  Out of Memory Error (os_windows.cpp:3714), pid=26456, tid=9940
#
# JRE version: OpenJDK Runtime Environment Temurin-21.0.10+7 (21.0.10+7) (build 21.0.10+7-LTS)
# Java VM: OpenJDK 64-Bit Server VM Temurin-21.0.10+7 (21.0.10+7-LTS, mixed mode, sharing, tiered, compressed oops, compressed class ptrs, g1 gc, windows-amd64)
# No core dump will be written. Minidumps are not enabled by default on client versions of Windows
#

---------------  S U M M A R Y ------------

Command Line: --add-opens=java.base/java.lang=ALL-UNNAMED --add-opens=java.base/java.lang.invoke=ALL-UNNAMED --add-opens=java.base/java.util=ALL-UNNAMED --add-opens=java.prefs/java.util.prefs=ALL-UNNAMED --add-exports=jdk.compiler/com.sun.tools.javac.api=ALL-UNNAMED --add-exports=jdk.compiler/com.sun.tools.javac.util=ALL-UNNAMED --add-opens=java.base/java.util=ALL-UNNAMED --add-opens=java.prefs/java.util.prefs=ALL-UNNAMED --add-opens=java.base/java.nio.charset=ALL-UNNAMED --add-opens=java.base/java.net=ALL-UNNAMED --add-opens=java.base/java.util.concurrent.atomic=ALL-UNNAMED --add-opens=java.xml/javax.xml.namespace=ALL-UNNAMED -Xmx1536m -Dfile.encoding=UTF-8 -Duser.country=ID -Duser.language=en -Duser.variant -javaagent:C:\Users\Mukhtar mubarok\.gradle\wrapper\dists\gradle-8.14.3-all\10utluxaxniiv4wxiphsi49nj\gradle-8.14.3\lib\agents\gradle-instrumentation-agent-8.14.3.jar org.gradle.launcher.daemon.bootstrap.GradleDaemon 8.14.3

Host: Intel(R) Core(TM) i5-7360U CPU @ 2.30GHz, 4 cores, 7G,  Windows 10 , 64 bit Build 19041 (10.0.19041.5915)
Time: Tue Jun  2 16:06:49 2026 SE Asia Standard Time elapsed time: 204.250876 seconds (0d 0h 3m 24s)

---------------  T H R E A D  ---------------

Current thread (0x00000270f6280b10):  VMThread "VM Thread"          [id=9940, stack(0x000000fc12a00000,0x000000fc12b00000) (1024K)]

Stack: [0x000000fc12a00000,0x000000fc12b00000]
Native frames: (J=compiled Java code, j=interpreted, Vv=VM code, C=native code)
V  [jvm.dll+0x6d7a39]
V  [jvm.dll+0x8b4b26]
V  [jvm.dll+0x8b70de]
V  [jvm.dll+0x8b77c3]
V  [jvm.dll+0x284346]
V  [jvm.dll+0x6d4355]
V  [jvm.dll+0x6c808a]
V  [jvm.dll+0x35edb8]
V  [jvm.dll+0x3669f6]
V  [jvm.dll+0x3b7afe]
V  [jvm.dll+0x3b7da8]
V  [jvm.dll+0x332fbc]
V  [jvm.dll+0x3357d6]
V  [jvm.dll+0x33f7cd]
V  [jvm.dll+0x374e8f]
V  [jvm.dll+0x8bd4b0]
V  [jvm.dll+0x8be824]
V  [jvm.dll+0x8bed50]
V  [jvm.dll+0x8beff3]
V  [jvm.dll+0x85f59d]
V  [jvm.dll+0x6d626d]
C  [ucrtbase.dll+0x21bb2]
C  [KERNEL32.DLL+0x17374]
C  [ntdll.dll+0x4cc91]

VM_Operation (0x000000fc125ff830): G1PauseRemark, mode: safepoint, requested by thread 0x00000270dfe37c80


---------------  P R O C E S S  ---------------

Threads class SMR info:
_java_thread_list=0x00000270fe69a1c0, length=67, elements={
0x00000270dfde3570, 0x00000270f62a09c0, 0x00000270f62a15d0, 0x00000270f62a21e0,
0x00000270f62a2c40, 0x00000270f62a56b0, 0x00000270f62a6110, 0x00000270f62a6ea0,
0x00000270f62d32b0, 0x00000270f643df30, 0x00000270f64acc30, 0x00000270fbe57b60,
0x00000270fbe528c0, 0x00000270f636b570, 0x00000270f6357e10, 0x00000270f6358480,
0x00000270f6377390, 0x00000270fb0a3480, 0x00000270fb0a0690, 0x00000270fb0a0000,
0x00000270fb0a2760, 0x00000270fb0a1a40, 0x00000270fb0a0d20, 0x00000270fb0a2df0,
0x00000270fb0a20d0, 0x00000270fcd7bde0, 0x00000270fcd7d820, 0x00000270fcd80610,
0x00000270fcd7cb00, 0x00000270fcd80ca0, 0x00000270fcd7d190, 0x00000270fcd7f8f0,
0x00000270fcd7ebd0, 0x00000270fcd81330, 0x00000270fcd7b0c0, 0x00000270fcd7a3a0,
0x00000270fcd7e540, 0x00000270fcd7f260, 0x00000270fcd7aa30, 0x00000270fec4b860,
0x00000270fec49100, 0x00000270fec4b1d0, 0x00000270fec48a70, 0x00000270fec483e0,
0x00000270fec49790, 0x00000270fec4ab40, 0x00000270fc4135f0, 0x00000270fc40fae0,
0x00000270fc413c80, 0x00000270fc415030, 0x00000270fc410800, 0x00000270ff77c130,
0x00000270ff778620, 0x00000270ff77baa0, 0x00000270fc6ac970, 0x00000270fc6b3f90,
0x00000270fc6ad000, 0x00000270fc6b0b10, 0x00000270fc6b11a0, 0x00000270fc6b2550,
0x00000270fc6ad690, 0x00000270fc6b3900, 0x00000270fc6b1ec0, 0x00000270fc6b3270,
0x00000270fc6add20, 0x00000270fc6ae3b0, 0x00000270fc6b1830
}
_to_delete_list=0x00000270fe69fcb0, length=68, elements={
0x00000270dfde3570, 0x00000270f62a09c0, 0x00000270f62a15d0, 0x00000270f62a21e0,
0x00000270f62a2c40, 0x00000270f62a56b0, 0x00000270f62a6110, 0x00000270f62a6ea0,
0x00000270f62d32b0, 0x00000270f643df30, 0x00000270f64acc30, 0x00000270fbe57b60,
0x00000270fbe528c0, 0x00000270f636b570, 0x00000270f6357e10, 0x00000270f6358480,
0x00000270f6377390, 0x00000270fb0a3480, 0x00000270fb0a0690, 0x00000270fb0a0000,
0x00000270fb0a2760, 0x00000270fb0a1a40, 0x00000270fb0a0d20, 0x00000270fb0a2df0,
0x00000270fb0a20d0, 0x00000270fcd7bde0, 0x00000270fcd7d820, 0x00000270fcd80610,
0x00000270fcd7cb00, 0x00000270fcd80ca0, 0x00000270fcd7d190, 0x00000270fcd7f8f0,
0x00000270fcd7ebd0, 0x00000270fcd81330, 0x00000270fcd7b0c0, 0x00000270fcd7a3a0,
0x00000270fcd7e540, 0x00000270fcd7f260, 0x00000270fcd7aa30, 0x00000270fec4b860,
0x00000270fec49100, 0x00000270fec4b1d0, 0x00000270fec48a70, 0x00000270fec483e0,
0x00000270fec49790, 0x00000270fec4ab40, 0x00000270fc4135f0, 0x00000270fc40fae0,
0x00000270fc413c80, 0x00000270fc415030, 0x00000270fc410800, 0x00000270ff77c130,
0x00000270ff778620, 0x00000270ff77baa0, 0x00000270fc6ac970, 0x00000270fc6b3f90,
0x00000270fc6ad000, 0x00000270fc6b0b10, 0x00000270fc6b11a0, 0x00000270fc6b2550,
0x00000270fc6ad690, 0x00000270fc6b3900, 0x00000270fc6b1ec0, 0x00000270fc6b3270,
0x00000270fc6add20, 0x00000270fc6ae3b0, 0x00000270fc6b1830, 0x00000270c1342ee0
}

Java Threads: ( => current thread )
  0x00000270dfde3570 JavaThread "main"                              [_thread_blocked, id=11888, stack(0x000000fc12300000,0x000000fc12400000) (1024K)]
  0x00000270f62a09c0 JavaThread "Reference Handler"          daemon [_thread_blocked, id=23992, stack(0x000000fc12b00000,0x000000fc12c00000) (1024K)]
  0x00000270f62a15d0 JavaThread "Finalizer"                  daemon [_thread_blocked, id=23524, stack(0x000000fc12c00000,0x000000fc12d00000) (1024K)]
  0x00000270f62a21e0 JavaThread "Signal Dispatcher"          daemon [_thread_blocked, id=14960, stack(0x000000fc12d00000,0x000000fc12e00000) (1024K)]
  0x00000270f62a2c40 JavaThread "Attach Listener"            daemon [_thread_blocked, id=23688, stack(0x000000fc12e00000,0x000000fc12f00000) (1024K)]
  0x00000270f62a56b0 JavaThread "Service Thread"             daemon [_thread_blocked, id=7376, stack(0x000000fc12f00000,0x000000fc13000000) (1024K)]
  0x00000270f62a6110 JavaThread "Monitor Deflation Thread"   daemon [_thread_blocked, id=2156, stack(0x000000fc13000000,0x000000fc13100000) (1024K)]
  0x00000270f62a6ea0 JavaThread "C2 CompilerThread0"         daemon [_thread_blocked, id=20224, stack(0x000000fc13100000,0x000000fc13200000) (1024K)]
  0x00000270f62d32b0 JavaThread "C1 CompilerThread0"         daemon [_thread_blocked, id=19984, stack(0x000000fc13200000,0x000000fc13300000) (1024K)]
  0x00000270f643df30 JavaThread "Common-Cleaner"             daemon [_thread_blocked, id=21236, stack(0x000000fc13300000,0x000000fc13400000) (1024K)]
  0x00000270f64acc30 JavaThread "Notification Thread"        daemon [_thread_blocked, id=23540, stack(0x000000fc13400000,0x000000fc13500000) (1024K)]
  0x00000270fbe57b60 JavaThread "Daemon health stats"               [_thread_blocked, id=12776, stack(0x000000fc13800000,0x000000fc13900000) (1024K)]
  0x00000270fbe528c0 JavaThread "Incoming local TCP Connector on port 61056"        [_thread_in_native, id=18540, stack(0x000000fc13900000,0x000000fc13a00000) (1024K)]
  0x00000270f636b570 JavaThread "Daemon periodic checks"            [_thread_blocked, id=21024, stack(0x000000fc13a00000,0x000000fc13b00000) (1024K)]
  0x00000270f6357e10 JavaThread "Daemon"                            [_thread_blocked, id=18308, stack(0x000000fc13b00000,0x000000fc13c00000) (1024K)]
  0x00000270f6358480 JavaThread "Handler for socket connection from /127.0.0.1:61056 to /127.0.0.1:61060"        [_thread_in_native, id=16716, stack(0x000000fc13c00000,0x000000fc13d00000) (1024K)]
  0x00000270f6377390 JavaThread "Cancel handler"                    [_thread_blocked, id=15808, stack(0x000000fc13d00000,0x000000fc13e00000) (1024K)]
  0x00000270fb0a3480 JavaThread "Daemon worker"                     [_thread_blocked, id=9032, stack(0x000000fc13e00000,0x000000fc13f00000) (1024K)]
  0x00000270fb0a0690 JavaThread "Asynchronous log dispatcher for DefaultDaemonConnection: socket connection from /127.0.0.1:61056 to /127.0.0.1:61060"        [_thread_blocked, id=21696, stack(0x000000fc13f00000,0x000000fc14000000) (1024K)]
  0x00000270fb0a0000 JavaThread "Stdin handler"                     [_thread_blocked, id=22188, stack(0x000000fc14000000,0x000000fc14100000) (1024K)]
  0x00000270fb0a2760 JavaThread "Daemon client event forwarder"        [_thread_blocked, id=15872, stack(0x000000fc14100000,0x000000fc14200000) (1024K)]
  0x00000270fb0a1a40 JavaThread "Cache worker for journal cache (C:\Users\Mukhtar mubarok\.gradle\caches\journal-1)"        [_thread_blocked, id=3884, stack(0x000000fc14200000,0x000000fc14300000) (1024K)]
  0x00000270fb0a0d20 JavaThread "File lock request listener"        [_thread_in_native, id=2176, stack(0x000000fc14300000,0x000000fc14400000) (1024K)]
  0x00000270fb0a2df0 JavaThread "Cache worker for file hash cache (C:\Users\Mukhtar mubarok\.gradle\caches\8.14.3\fileHashes)"        [_thread_blocked, id=21584, stack(0x000000fc14400000,0x000000fc14500000) (1024K)]
  0x00000270fb0a20d0 JavaThread "Cache worker for file hash cache (D:\DOCKER PROJECT\KONTRAKANKU\frontend\android\.gradle\8.14.3\fileHashes)"        [_thread_blocked, id=18344, stack(0x000000fc14600000,0x000000fc14700000) (1024K)]
  0x00000270fcd7bde0 JavaThread "Cache worker for Build Output Cleanup Cache (D:\DOCKER PROJECT\KONTRAKANKU\frontend\android\.gradle\buildOutputCleanup)"        [_thread_blocked, id=16160, stack(0x000000fc14700000,0x000000fc14800000) (1024K)]
  0x00000270fcd7d820 JavaThread "File watcher server"        daemon [_thread_in_native, id=18372, stack(0x000000fc14500000,0x000000fc14600000) (1024K)]
  0x00000270fcd80610 JavaThread "File watcher consumer"      daemon [_thread_blocked, id=8776, stack(0x000000fc14800000,0x000000fc14900000) (1024K)]
  0x00000270fcd7cb00 JavaThread "jar transforms"                    [_thread_blocked, id=23980, stack(0x000000fc14900000,0x000000fc14a00000) (1024K)]
  0x00000270fcd80ca0 JavaThread "jar transforms Thread 2"           [_thread_blocked, id=10768, stack(0x000000fc14b00000,0x000000fc14c00000) (1024K)]
  0x00000270fcd7d190 JavaThread "Cache worker for checksums cache (D:\DOCKER PROJECT\KONTRAKANKU\frontend\android\.gradle\8.14.3\checksums)"        [_thread_blocked, id=22244, stack(0x000000fc14a00000,0x000000fc14b00000) (1024K)]
  0x00000270fcd7f8f0 JavaThread "Cache worker for file content cache (C:\Users\Mukhtar mubarok\.gradle\caches\8.14.3\fileContent)"        [_thread_blocked, id=23664, stack(0x000000fc14c00000,0x000000fc14d00000) (1024K)]
  0x00000270fcd7ebd0 JavaThread "jar transforms Thread 3"           [_thread_blocked, id=2052, stack(0x000000fc14e00000,0x000000fc14f00000) (1024K)]
  0x00000270fcd81330 JavaThread "jar transforms Thread 4"           [_thread_blocked, id=16120, stack(0x000000fc14f00000,0x000000fc15000000) (1024K)]
  0x00000270fcd7b0c0 JavaThread "Cache worker for cache directory md-supplier (C:\Users\Mukhtar mubarok\.gradle\caches\8.14.3\md-supplier)"        [_thread_blocked, id=25704, stack(0x000000fc15000000,0x000000fc15100000) (1024K)]
  0x00000270fcd7a3a0 JavaThread "Cache worker for cache directory md-rule (C:\Users\Mukhtar mubarok\.gradle\caches\8.14.3\md-rule)"        [_thread_blocked, id=19996, stack(0x000000fc15100000,0x000000fc15200000) (1024K)]
  0x00000270fcd7e540 JavaThread "Unconstrained build operations"        [_thread_blocked, id=22624, stack(0x000000fc14d00000,0x000000fc14e00000) (1024K)]
  0x00000270fcd7f260 JavaThread "Unconstrained build operations Thread 2"        [_thread_blocked, id=15072, stack(0x000000fc15200000,0x000000fc15300000) (1024K)]
  0x00000270fcd7aa30 JavaThread "Unconstrained build operations Thread 3"        [_thread_blocked, id=20984, stack(0x000000fc15300000,0x000000fc15400000) (1024K)]
  0x00000270fec4b860 JavaThread "Unconstrained build operations Thread 4"        [_thread_blocked, id=19964, stack(0x000000fc15400000,0x000000fc15500000) (1024K)]
  0x00000270fec49100 JavaThread "Unconstrained build operations Thread 5"        [_thread_blocked, id=15508, stack(0x000000fc15500000,0x000000fc15600000) (1024K)]
  0x00000270fec4b1d0 JavaThread "Unconstrained build operations Thread 6"        [_thread_blocked, id=15336, stack(0x000000fc15600000,0x000000fc15700000) (1024K)]
  0x00000270fec48a70 JavaThread "Unconstrained build operations Thread 7"        [_thread_blocked, id=20068, stack(0x000000fc15700000,0x000000fc15800000) (1024K)]
  0x00000270fec483e0 JavaThread "Unconstrained build operations Thread 8"        [_thread_blocked, id=20076, stack(0x000000fc15800000,0x000000fc15900000) (1024K)]
  0x00000270fec49790 JavaThread "Unconstrained build operations Thread 9"        [_thread_blocked, id=8804, stack(0x000000fc15900000,0x000000fc15a00000) (1024K)]
  0x00000270fec4ab40 JavaThread "Memory manager"                    [_thread_blocked, id=24768, stack(0x000000fc12100000,0x000000fc12200000) (1024K)]
  0x00000270fc4135f0 JavaThread "File lock release action executor"        [_thread_blocked, id=9844, stack(0x000000fc12200000,0x000000fc12300000) (1024K)]
  0x00000270fc40fae0 JavaThread "Problems report writer"            [_thread_blocked, id=25996, stack(0x000000fc15a00000,0x000000fc15b00000) (1024K)]
  0x00000270fc413c80 JavaThread "Unconstrained build operations Thread 10"        [_thread_blocked, id=20524, stack(0x000000fc15b00000,0x000000fc15c00000) (1024K)]
  0x00000270fc415030 JavaThread "Unconstrained build operations Thread 11"        [_thread_blocked, id=8452, stack(0x000000fc15c00000,0x000000fc15d00000) (1024K)]
  0x00000270fc410800 JavaThread "Unconstrained build operations Thread 12"        [_thread_blocked, id=7540, stack(0x000000fc15d00000,0x000000fc15e00000) (1024K)]
  0x00000270ff77c130 JavaThread "Unconstrained build operations Thread 13"        [_thread_blocked, id=24876, stack(0x000000fc15e00000,0x000000fc15f00000) (1024K)]
  0x00000270ff778620 JavaThread "Unconstrained build operations Thread 14"        [_thread_blocked, id=18852, stack(0x000000fc15f00000,0x000000fc16000000) (1024K)]
  0x00000270ff77baa0 JavaThread "Unconstrained build operations Thread 15"        [_thread_blocked, id=20544, stack(0x000000fc16000000,0x000000fc16100000) (1024K)]
  0x00000270fc6ac970 JavaThread "Unconstrained build operations Thread 16"        [_thread_blocked, id=19628, stack(0x000000fc16300000,0x000000fc16400000) (1024K)]
  0x00000270fc6b3f90 JavaThread "Unconstrained build operations Thread 17"        [_thread_blocked, id=22648, stack(0x000000fc16400000,0x000000fc16500000) (1024K)]
  0x00000270fc6ad000 JavaThread "Unconstrained build operations Thread 18"        [_thread_blocked, id=1268, stack(0x000000fc16500000,0x000000fc16600000) (1024K)]
  0x00000270fc6b0b10 JavaThread "Unconstrained build operations Thread 19"        [_thread_blocked, id=24784, stack(0x000000fc16600000,0x000000fc16700000) (1024K)]
  0x00000270fc6b11a0 JavaThread "Unconstrained build operations Thread 20"        [_thread_blocked, id=25200, stack(0x000000fc16700000,0x000000fc16800000) (1024K)]
  0x00000270fc6b2550 JavaThread "Unconstrained build operations Thread 21"        [_thread_blocked, id=23916, stack(0x000000fc16800000,0x000000fc16900000) (1024K)]
  0x00000270fc6ad690 JavaThread "Unconstrained build operations Thread 22"        [_thread_blocked, id=21572, stack(0x000000fc16900000,0x000000fc16a00000) (1024K)]
  0x00000270fc6b3900 JavaThread "Unconstrained build operations Thread 23"        [_thread_blocked, id=16096, stack(0x000000fc16a00000,0x000000fc16b00000) (1024K)]
  0x00000270fc6b1ec0 JavaThread "Unconstrained build operations Thread 24"        [_thread_blocked, id=5960, stack(0x000000fc16b00000,0x000000fc16c00000) (1024K)]
  0x00000270fc6b3270 JavaThread "Unconstrained build operations Thread 25"        [_thread_blocked, id=16080, stack(0x000000fc16c00000,0x000000fc16d00000) (1024K)]
  0x00000270fc6add20 JavaThread "Unconstrained build operations Thread 26"        [_thread_in_native, id=9240, stack(0x000000fc16f00000,0x000000fc17000000) (1024K)]
  0x00000270fc6ae3b0 JavaThread "Unconstrained build operations Thread 27"        [_thread_blocked, id=26444, stack(0x000000fc17000000,0x000000fc17100000) (1024K)]
  0x00000270fc6b1830 JavaThread "Unconstrained build operations Thread 28"        [_thread_blocked, id=19632, stack(0x000000fc17100000,0x000000fc17200000) (1024K)]
Total: 67

Other Threads:
=>0x00000270f6280b10 VMThread "VM Thread"                           [id=9940, stack(0x000000fc12a00000,0x000000fc12b00000) (1024K)]
  0x00000270f626e930 WatcherThread "VM Periodic Task Thread"        [id=21364, stack(0x000000fc12900000,0x000000fc12a00000) (1024K)]
  0x00000270dfe281c0 WorkerThread "GC Thread#0"                     [id=3324, stack(0x000000fc12400000,0x000000fc12500000) (1024K)]
  0x00000270f6573da0 WorkerThread "GC Thread#1"                     [id=22128, stack(0x000000fc13500000,0x000000fc13600000) (1024K)]
  0x00000270f6574150 WorkerThread "GC Thread#2"                     [id=23572, stack(0x000000fc13600000,0x000000fc13700000) (1024K)]
  0x00000270f6e52400 WorkerThread "GC Thread#3"                     [id=18524, stack(0x000000fc13700000,0x000000fc13800000) (1024K)]
  0x00000270dfe37c80 ConcurrentGCThread "G1 Main Marker"            [id=20020, stack(0x000000fc12500000,0x000000fc12600000) (1024K)]
  0x00000270dfe387e0 WorkerThread "G1 Conc#0"                       [id=6000, stack(0x000000fc12600000,0x000000fc12700000) (1024K)]
  0x00000270f61414a0 ConcurrentGCThread "G1 Refine#0"               [id=25940, stack(0x000000fc12700000,0x000000fc12800000) (1024K)]
  0x00000270f6141dd0 ConcurrentGCThread "G1 Service"                [id=6396, stack(0x000000fc12800000,0x000000fc12900000) (1024K)]
Total: 10

Threads with active compile tasks:
Total: 0

VM state: at safepoint (normal execution)

VM Mutex/Monitor currently owned by a thread:  ([mutex/lock_event])
[0x00007ffb8f14e560] Threads_lock - owner thread: 0x00000270f6280b10
[0x00007ffb8f14e660] Heap_lock - owner thread: 0x00000270dfe37c80

Heap address: 0x00000000a0000000, size: 1536 MB, Compressed Oops mode: 32-bit

CDS archive(s) mapped at: [0x0000027080000000-0x0000027080ba0000-0x0000027080ba0000), size 12189696, SharedBaseAddress: 0x0000027080000000, ArchiveRelocationMode: 1.
Compressed class space mapped at: 0x0000027081000000-0x00000270c1000000, reserved size: 1073741824
Narrow klass base: 0x0000027080000000, Narrow klass shift: 0, Narrow klass range: 0x100000000

GC Precious Log:
 CardTable entry size: 512
 Card Set container configuration: InlinePtr #cards 5 size 8 Array Of Cards #cards 12 size 40 Howl #buckets 4 coarsen threshold 1843 Howl Bitmap #cards 512 size 80 coarsen threshold 460 Card regions per heap region 1 cards per card region 2048
 CPUs: 4 total, 4 available
 Memory: 8057M
 Large Page Support: Disabled
 NUMA Support: Disabled
 Compressed Oops: Enabled (32-bit)
 Heap Region Size: 1M
 Heap Min Capacity: 8M
 Heap Initial Capacity: 126M
 Heap Max Capacity: 1536M
 Pre-touch: Disabled
 Parallel Workers: 4
 Concurrent Workers: 1
 Concurrent Refinement Workers: 4
 Periodic GC: Disabled

Heap:
 garbage-first heap   total 181248K, used 116507K [0x00000000a0000000, 0x0000000100000000)
  region size 1024K, 12 young (12288K), 8 survivors (8192K)
 Metaspace       used 93407K, committed 95680K, reserved 1179648K
  class space    used 13015K, committed 14144K, reserved 1048576K

Heap Regions: E=young(eden), S=young(survivor), O=old, HS=humongous(starts), HC=humongous(continues), CS=collection set, F=free, TAMS=top-at-mark-start, PB=parsable bottom
|   0|0x00000000a0000000, 0x00000000a0100000, 0x00000000a0100000|100%|HS|  |TAMS 0x00000000a0100000| PB 0x00000000a0000000| Complete 
|   1|0x00000000a0100000, 0x00000000a0200000, 0x00000000a0200000|100%|HC|  |TAMS 0x00000000a0200000| PB 0x00000000a0100000| Complete 
|   2|0x00000000a0200000, 0x00000000a0300000, 0x00000000a0300000|100%|HC|  |TAMS 0x00000000a0300000| PB 0x00000000a0200000| Complete 
|   3|0x00000000a0300000, 0x00000000a0400000, 0x00000000a0400000|100%| O|  |TAMS 0x00000000a0400000| PB 0x00000000a0400000| Untracked 
|   4|0x00000000a0400000, 0x00000000a0500000, 0x00000000a0500000|100%| O|  |TAMS 0x00000000a0500000| PB 0x00000000a0500000| Untracked 
|   5|0x00000000a0500000, 0x00000000a0600000, 0x00000000a0600000|100%| O|  |TAMS 0x00000000a0600000| PB 0x00000000a0600000| Untracked 
|   6|0x00000000a0600000, 0x00000000a0700000, 0x00000000a0700000|100%| O|  |TAMS 0x00000000a0700000| PB 0x00000000a0700000| Untracked 
|   7|0x00000000a0700000, 0x00000000a0800000, 0x00000000a0800000|100%|HS|  |TAMS 0x00000000a0800000| PB 0x00000000a0700000| Complete 
|   8|0x00000000a0800000, 0x00000000a0900000, 0x00000000a0900000|100%| O|  |TAMS 0x00000000a0900000| PB 0x00000000a0900000| Untracked 
|   9|0x00000000a0900000, 0x00000000a0a00000, 0x00000000a0a00000|100%| O|  |TAMS 0x00000000a0a00000| PB 0x00000000a0a00000| Untracked 
|  10|0x00000000a0a00000, 0x00000000a0b00000, 0x00000000a0b00000|100%| O|  |TAMS 0x00000000a0b00000| PB 0x00000000a0b00000| Untracked 
|  11|0x00000000a0b00000, 0x00000000a0c00000, 0x00000000a0c00000|100%| O|  |TAMS 0x00000000a0c00000| PB 0x00000000a0c00000| Untracked 
|  12|0x00000000a0c00000, 0x00000000a0d00000, 0x00000000a0d00000|100%| O|  |TAMS 0x00000000a0d00000| PB 0x00000000a0d00000| Untracked 
|  13|0x00000000a0d00000, 0x00000000a0e00000, 0x00000000a0e00000|100%| O|  |TAMS 0x00000000a0e00000| PB 0x00000000a0e00000| Untracked 
|  14|0x00000000a0e00000, 0x00000000a0f00000, 0x00000000a0f00000|100%| O|  |TAMS 0x00000000a0f00000| PB 0x00000000a0f00000| Untracked 
|  15|0x00000000a0f00000, 0x00000000a1000000, 0x00000000a1000000|100%| O|  |TAMS 0x00000000a1000000| PB 0x00000000a1000000| Untracked 
|  16|0x00000000a1000000, 0x00000000a1100000, 0x00000000a1100000|100%| O|  |TAMS 0x00000000a1100000| PB 0x00000000a1100000| Untracked 
|  17|0x00000000a1100000, 0x00000000a1200000, 0x00000000a1200000|100%| O|  |TAMS 0x00000000a1200000| PB 0x00000000a1200000| Untracked 
|  18|0x00000000a1200000, 0x00000000a1300000, 0x00000000a1300000|100%| O|  |TAMS 0x00000000a1300000| PB 0x00000000a1300000| Untracked 
|  19|0x00000000a1300000, 0x00000000a1400000, 0x00000000a1400000|100%| O|  |TAMS 0x00000000a1400000| PB 0x00000000a1400000| Untracked 
|  20|0x00000000a1400000, 0x00000000a1500000, 0x00000000a1500000|100%|HS|  |TAMS 0x00000000a1500000| PB 0x00000000a1400000| Complete 
|  21|0x00000000a1500000, 0x00000000a1600000, 0x00000000a1600000|100%| O|  |TAMS 0x00000000a1600000| PB 0x00000000a1600000| Untracked 
|  22|0x00000000a1600000, 0x00000000a1700000, 0x00000000a1700000|100%| O|  |TAMS 0x00000000a1700000| PB 0x00000000a1700000| Untracked 
|  23|0x00000000a1700000, 0x00000000a1800000, 0x00000000a1800000|100%| O|  |TAMS 0x00000000a1800000| PB 0x00000000a1800000| Updating 
|  24|0x00000000a1800000, 0x00000000a1900000, 0x00000000a1900000|100%| O|  |TAMS 0x00000000a1900000| PB 0x00000000a1900000| Untracked 
|  25|0x00000000a1900000, 0x00000000a1a00000, 0x00000000a1a00000|100%| O|  |TAMS 0x00000000a1a00000| PB 0x00000000a1a00000| Untracked 
|  26|0x00000000a1a00000, 0x00000000a1b00000, 0x00000000a1b00000|100%| O|  |TAMS 0x00000000a1b00000| PB 0x00000000a1b00000| Updating 
|  27|0x00000000a1b00000, 0x00000000a1c00000, 0x00000000a1c00000|100%| O|  |TAMS 0x00000000a1c00000| PB 0x00000000a1c00000| Untracked 
|  28|0x00000000a1c00000, 0x00000000a1d00000, 0x00000000a1d00000|100%| O|  |TAMS 0x00000000a1d00000| PB 0x00000000a1d00000| Untracked 
|  29|0x00000000a1d00000, 0x00000000a1e00000, 0x00000000a1e00000|100%| O|  |TAMS 0x00000000a1e00000| PB 0x00000000a1e00000| Untracked 
|  30|0x00000000a1e00000, 0x00000000a1f00000, 0x00000000a1f00000|100%| O|  |TAMS 0x00000000a1f00000| PB 0x00000000a1f00000| Updating 
|  31|0x00000000a1f00000, 0x00000000a2000000, 0x00000000a2000000|100%| O|  |TAMS 0x00000000a2000000| PB 0x00000000a2000000| Untracked 
|  32|0x00000000a2000000, 0x00000000a2100000, 0x00000000a2100000|100%| O|  |TAMS 0x00000000a2100000| PB 0x00000000a2100000| Untracked 
|  33|0x00000000a2100000, 0x00000000a2200000, 0x00000000a2200000|100%| O|  |TAMS 0x00000000a2100000| PB 0x00000000a2100000| Untracked 
|  34|0x00000000a2200000, 0x00000000a2300000, 0x00000000a2300000|100%| O|  |TAMS 0x00000000a2300000| PB 0x00000000a2300000| Untracked 
|  35|0x00000000a2300000, 0x00000000a2400000, 0x00000000a2400000|100%| O|  |TAMS 0x00000000a2400000| PB 0x00000000a2400000| Untracked 
|  36|0x00000000a2400000, 0x00000000a2500000, 0x00000000a2500000|100%| O|  |TAMS 0x00000000a2500000| PB 0x00000000a2500000| Untracked 
|  37|0x00000000a2500000, 0x00000000a2600000, 0x00000000a2600000|100%| O|  |TAMS 0x00000000a2600000| PB 0x00000000a2600000| Updating 
|  38|0x00000000a2600000, 0x00000000a2700000, 0x00000000a2700000|100%| O|  |TAMS 0x00000000a2700000| PB 0x00000000a2700000| Untracked 
|  39|0x00000000a2700000, 0x00000000a2800000, 0x00000000a2800000|100%| O|  |TAMS 0x00000000a2800000| PB 0x00000000a2800000| Untracked 
|  40|0x00000000a2800000, 0x00000000a2900000, 0x00000000a2900000|100%| O|  |TAMS 0x00000000a2900000| PB 0x00000000a2900000| Updating 
|  41|0x00000000a2900000, 0x00000000a2a00000, 0x00000000a2a00000|100%| O|  |TAMS 0x00000000a2a00000| PB 0x00000000a2a00000| Untracked 
|  42|0x00000000a2a00000, 0x00000000a2b00000, 0x00000000a2b00000|100%| O|  |TAMS 0x00000000a2b00000| PB 0x00000000a2b00000| Untracked 
|  43|0x00000000a2b00000, 0x00000000a2c00000, 0x00000000a2c00000|100%| O|  |TAMS 0x00000000a2c00000| PB 0x00000000a2c00000| Updating 
|  44|0x00000000a2c00000, 0x00000000a2d00000, 0x00000000a2d00000|100%|HS|  |TAMS 0x00000000a2d00000| PB 0x00000000a2c00000| Complete 
|  45|0x00000000a2d00000, 0x00000000a2e00000, 0x00000000a2e00000|100%| O|  |TAMS 0x00000000a2e00000| PB 0x00000000a2e00000| Untracked 
|  46|0x00000000a2e00000, 0x00000000a2f00000, 0x00000000a2f00000|100%|HS|  |TAMS 0x00000000a2f00000| PB 0x00000000a2e00000| Complete 
|  47|0x00000000a2f00000, 0x00000000a3000000, 0x00000000a3000000|100%|HS|  |TAMS 0x00000000a3000000| PB 0x00000000a2f00000| Complete 
|  48|0x00000000a3000000, 0x00000000a3100000, 0x00000000a3100000|100%|HS|  |TAMS 0x00000000a3100000| PB 0x00000000a3000000| Complete 
|  49|0x00000000a3100000, 0x00000000a3200000, 0x00000000a3200000|100%| O|  |TAMS 0x00000000a3200000| PB 0x00000000a3200000| Untracked 
|  50|0x00000000a3200000, 0x00000000a3300000, 0x00000000a3300000|100%| O|  |TAMS 0x00000000a3300000| PB 0x00000000a3300000| Updating 
|  51|0x00000000a3300000, 0x00000000a3400000, 0x00000000a3400000|100%|HS|  |TAMS 0x00000000a3400000| PB 0x00000000a3300000| Complete 
|  52|0x00000000a3400000, 0x00000000a3500000, 0x00000000a3500000|100%| O|  |TAMS 0x00000000a3500000| PB 0x00000000a3500000| Untracked 
|  53|0x00000000a3500000, 0x00000000a3600000, 0x00000000a3600000|100%| O|  |TAMS 0x00000000a3600000| PB 0x00000000a3600000| Untracked 
|  54|0x00000000a3600000, 0x00000000a3700000, 0x00000000a3700000|100%| O|  |TAMS 0x00000000a3700000| PB 0x00000000a3700000| Untracked 
|  55|0x00000000a3700000, 0x00000000a3800000, 0x00000000a3800000|100%| O|  |TAMS 0x00000000a3800000| PB 0x00000000a3800000| Untracked 
|  56|0x00000000a3800000, 0x00000000a3900000, 0x00000000a3900000|100%| O|  |TAMS 0x00000000a3900000| PB 0x00000000a3900000| Updating 
|  57|0x00000000a3900000, 0x00000000a3a00000, 0x00000000a3a00000|100%| O|  |TAMS 0x00000000a3a00000| PB 0x00000000a3a00000| Updating 
|  58|0x00000000a3a00000, 0x00000000a3b00000, 0x00000000a3b00000|100%| O|  |TAMS 0x00000000a3b00000| PB 0x00000000a3b00000| Updating 
|  59|0x00000000a3b00000, 0x00000000a3c00000, 0x00000000a3c00000|100%| O|  |TAMS 0x00000000a3c00000| PB 0x00000000a3c00000| Untracked 
|  60|0x00000000a3c00000, 0x00000000a3d00000, 0x00000000a3d00000|100%| O|  |TAMS 0x00000000a3d00000| PB 0x00000000a3d00000| Updating 
|  61|0x00000000a3d00000, 0x00000000a3e00000, 0x00000000a3e00000|100%| O|  |TAMS 0x00000000a3e00000| PB 0x00000000a3e00000| Updating 
|  62|0x00000000a3e00000, 0x00000000a3f00000, 0x00000000a3f00000|100%| O|  |TAMS 0x00000000a3f00000| PB 0x00000000a3f00000| Untracked 
|  63|0x00000000a3f00000, 0x00000000a4000000, 0x00000000a4000000|100%| O|  |TAMS 0x00000000a4000000| PB 0x00000000a4000000| Untracked 
|  64|0x00000000a4000000, 0x00000000a4100000, 0x00000000a4100000|100%| O|  |TAMS 0x00000000a4100000| PB 0x00000000a4100000| Untracked 
|  65|0x00000000a4100000, 0x00000000a4200000, 0x00000000a4200000|100%| O|  |TAMS 0x00000000a4200000| PB 0x00000000a4200000| Untracked 
|  66|0x00000000a4200000, 0x00000000a4300000, 0x00000000a4300000|100%|HS|  |TAMS 0x00000000a4300000| PB 0x00000000a4200000| Complete 
|  67|0x00000000a4300000, 0x00000000a4400000, 0x00000000a4400000|100%| O|  |TAMS 0x00000000a4400000| PB 0x00000000a4400000| Untracked 
|  68|0x00000000a4400000, 0x00000000a4500000, 0x00000000a4500000|100%| O|  |TAMS 0x00000000a4500000| PB 0x00000000a4500000| Untracked 
|  69|0x00000000a4500000, 0x00000000a4600000, 0x00000000a4600000|100%| O|  |TAMS 0x00000000a4600000| PB 0x00000000a4600000| Updating 
|  70|0x00000000a4600000, 0x00000000a4700000, 0x00000000a4700000|100%| O|  |TAMS 0x00000000a4700000| PB 0x00000000a4700000| Untracked 
|  71|0x00000000a4700000, 0x00000000a4800000, 0x00000000a4800000|100%| O|  |TAMS 0x00000000a4800000| PB 0x00000000a4800000| Updating 
|  72|0x00000000a4800000, 0x00000000a4900000, 0x00000000a4900000|100%| O|  |TAMS 0x00000000a4900000| PB 0x00000000a4900000| Untracked 
|  73|0x00000000a4900000, 0x00000000a4a00000, 0x00000000a4a00000|100%| O|  |TAMS 0x00000000a4a00000| PB 0x00000000a4a00000| Untracked 
|  74|0x00000000a4a00000, 0x00000000a4b00000, 0x00000000a4b00000|100%| O|  |TAMS 0x00000000a4b00000| PB 0x00000000a4b00000| Untracked 
|  75|0x00000000a4b00000, 0x00000000a4c00000, 0x00000000a4c00000|100%| O|  |TAMS 0x00000000a4c00000| PB 0x00000000a4c00000| Updating 
|  76|0x00000000a4c00000, 0x00000000a4d00000, 0x00000000a4d00000|100%| O|  |TAMS 0x00000000a4d00000| PB 0x00000000a4d00000| Untracked 
|  77|0x00000000a4d00000, 0x00000000a4e00000, 0x00000000a4e00000|100%| O|  |TAMS 0x00000000a4e00000| PB 0x00000000a4e00000| Untracked 
|  78|0x00000000a4e00000, 0x00000000a4f00000, 0x00000000a4f00000|100%| O|  |TAMS 0x00000000a4f00000| PB 0x00000000a4f00000| Untracked 
|  79|0x00000000a4f00000, 0x00000000a5000000, 0x00000000a5000000|100%| O|  |TAMS 0x00000000a5000000| PB 0x00000000a5000000| Untracked 
|  80|0x00000000a5000000, 0x00000000a5100000, 0x00000000a5100000|100%| O|  |TAMS 0x00000000a5100000| PB 0x00000000a5100000| Updating 
|  81|0x00000000a5100000, 0x00000000a5200000, 0x00000000a5200000|100%| O|  |TAMS 0x00000000a5200000| PB 0x00000000a5200000| Untracked 
|  82|0x00000000a5200000, 0x00000000a5300000, 0x00000000a5300000|100%| O|  |TAMS 0x00000000a5300000| PB 0x00000000a5300000| Untracked 
|  83|0x00000000a5300000, 0x00000000a5400000, 0x00000000a5400000|100%| O|  |TAMS 0x00000000a5400000| PB 0x00000000a5400000| Untracked 
|  84|0x00000000a5400000, 0x00000000a5500000, 0x00000000a5500000|100%| O|  |TAMS 0x00000000a5500000| PB 0x00000000a5500000| Untracked 
|  85|0x00000000a5500000, 0x00000000a5600000, 0x00000000a5600000|100%| O|  |TAMS 0x00000000a5600000| PB 0x00000000a5600000| Untracked 
|  86|0x00000000a5600000, 0x00000000a5700000, 0x00000000a5700000|100%| O|  |TAMS 0x00000000a5700000| PB 0x00000000a5700000| Untracked 
|  87|0x00000000a5700000, 0x00000000a5800000, 0x00000000a5800000|100%| O|  |TAMS 0x00000000a5800000| PB 0x00000000a5800000| Updating 
|  88|0x00000000a5800000, 0x00000000a58c6dd0, 0x00000000a5900000| 77%| O|  |TAMS 0x00000000a5800000| PB 0x00000000a5800000| Updating 
|  89|0x00000000a5900000, 0x00000000a5900000, 0x00000000a5a00000|  0%| F|  |TAMS 0x00000000a5900000| PB 0x00000000a5900000| Untracked 
|  90|0x00000000a5a00000, 0x00000000a5a00000, 0x00000000a5b00000|  0%| F|  |TAMS 0x00000000a5a00000| PB 0x00000000a5a00000| Untracked 
|  91|0x00000000a5b00000, 0x00000000a5c00000, 0x00000000a5c00000|100%| O|  |TAMS 0x00000000a5c00000| PB 0x00000000a5c00000| Untracked 
|  92|0x00000000a5c00000, 0x00000000a5d00000, 0x00000000a5d00000|100%| O|  |TAMS 0x00000000a5d00000| PB 0x00000000a5d00000| Updating 
|  93|0x00000000a5d00000, 0x00000000a5e00000, 0x00000000a5e00000|100%| O|  |TAMS 0x00000000a5e00000| PB 0x00000000a5e00000| Untracked 
|  94|0x00000000a5e00000, 0x00000000a5f00000, 0x00000000a5f00000|100%| O|  |TAMS 0x00000000a5f00000| PB 0x00000000a5f00000| Untracked 
|  95|0x00000000a5f00000, 0x00000000a6000000, 0x00000000a6000000|100%| O|  |TAMS 0x00000000a6000000| PB 0x00000000a6000000| Untracked 
|  96|0x00000000a6000000, 0x00000000a6100000, 0x00000000a6100000|100%| O|  |TAMS 0x00000000a6100000| PB 0x00000000a6100000| Untracked 
|  97|0x00000000a6100000, 0x00000000a6200000, 0x00000000a6200000|100%| S|CS|TAMS 0x00000000a6100000| PB 0x00000000a6100000| Complete 
|  98|0x00000000a6200000, 0x00000000a6300000, 0x00000000a6300000|100%| O|  |TAMS 0x00000000a6300000| PB 0x00000000a6300000| Updating 
|  99|0x00000000a6300000, 0x00000000a6400000, 0x00000000a6400000|100%| O|  |TAMS 0x00000000a6335540| PB 0x00000000a6335540| Untracked 
| 100|0x00000000a6400000, 0x00000000a6500000, 0x00000000a6500000|100%| S|CS|TAMS 0x00000000a6400000| PB 0x00000000a6400000| Complete 
| 101|0x00000000a6500000, 0x00000000a6600000, 0x00000000a6600000|100%| S|CS|TAMS 0x00000000a6500000| PB 0x00000000a6500000| Complete 
| 102|0x00000000a6600000, 0x00000000a6700000, 0x00000000a6700000|100%| S|CS|TAMS 0x00000000a6600000| PB 0x00000000a6600000| Complete 
| 103|0x00000000a6700000, 0x00000000a6800000, 0x00000000a6800000|100%| S|CS|TAMS 0x00000000a6700000| PB 0x00000000a6700000| Complete 
| 104|0x00000000a6800000, 0x00000000a6800000, 0x00000000a6900000|  0%| F|  |TAMS 0x00000000a6800000| PB 0x00000000a6800000| Untracked 
| 105|0x00000000a6900000, 0x00000000a6900000, 0x00000000a6a00000|  0%| F|  |TAMS 0x00000000a6900000| PB 0x00000000a6900000| Untracked 
| 106|0x00000000a6a00000, 0x00000000a6a00000, 0x00000000a6b00000|  0%| F|  |TAMS 0x00000000a6a00000| PB 0x00000000a6a00000| Untracked 
| 107|0x00000000a6b00000, 0x00000000a6b00000, 0x00000000a6c00000|  0%| F|  |TAMS 0x00000000a6b00000| PB 0x00000000a6b00000| Untracked 
| 108|0x00000000a6c00000, 0x00000000a6c00000, 0x00000000a6d00000|  0%| F|  |TAMS 0x00000000a6c00000| PB 0x00000000a6c00000| Untracked 
| 109|0x00000000a6d00000, 0x00000000a6e00000, 0x00000000a6e00000|100%| S|CS|TAMS 0x00000000a6d00000| PB 0x00000000a6d00000| Complete 
| 110|0x00000000a6e00000, 0x00000000a6f00000, 0x00000000a6f00000|100%| S|CS|TAMS 0x00000000a6e00000| PB 0x00000000a6e00000| Complete 
| 111|0x00000000a6f00000, 0x00000000a7000000, 0x00000000a7000000|100%| S|CS|TAMS 0x00000000a6f00000| PB 0x00000000a6f00000| Complete 
| 112|0x00000000a7000000, 0x00000000a7000000, 0x00000000a7100000|  0%| F|  |TAMS 0x00000000a7000000| PB 0x00000000a7000000| Untracked 
| 113|0x00000000a7100000, 0x00000000a7100000, 0x00000000a7200000|  0%| F|  |TAMS 0x00000000a7100000| PB 0x00000000a7100000| Untracked 
| 114|0x00000000a7200000, 0x00000000a7200000, 0x00000000a7300000|  0%| F|  |TAMS 0x00000000a7200000| PB 0x00000000a7200000| Untracked 
| 115|0x00000000a7300000, 0x00000000a7300000, 0x00000000a7400000|  0%| F|  |TAMS 0x00000000a7300000| PB 0x00000000a7300000| Untracked 
| 116|0x00000000a7400000, 0x00000000a7400000, 0x00000000a7500000|  0%| F|  |TAMS 0x00000000a7400000| PB 0x00000000a7400000| Untracked 
| 117|0x00000000a7500000, 0x00000000a7500000, 0x00000000a7600000|  0%| F|  |TAMS 0x00000000a7500000| PB 0x00000000a7500000| Untracked 
| 118|0x00000000a7600000, 0x00000000a7600000, 0x00000000a7700000|  0%| F|  |TAMS 0x00000000a7600000| PB 0x00000000a7600000| Untracked 
| 119|0x00000000a7700000, 0x00000000a7700000, 0x00000000a7800000|  0%| F|  |TAMS 0x00000000a7700000| PB 0x00000000a7700000| Untracked 
| 120|0x00000000a7800000, 0x00000000a7800000, 0x00000000a7900000|  0%| F|  |TAMS 0x00000000a7800000| PB 0x00000000a7800000| Untracked 
| 121|0x00000000a7900000, 0x00000000a7900000, 0x00000000a7a00000|  0%| F|  |TAMS 0x00000000a7900000| PB 0x00000000a7900000| Untracked 
| 122|0x00000000a7a00000, 0x00000000a7a00000, 0x00000000a7b00000|  0%| F|  |TAMS 0x00000000a7a00000| PB 0x00000000a7a00000| Untracked 
| 123|0x00000000a7b00000, 0x00000000a7b00000, 0x00000000a7c00000|  0%| F|  |TAMS 0x00000000a7b00000| PB 0x00000000a7b00000| Untracked 
| 124|0x00000000a7c00000, 0x00000000a7c00000, 0x00000000a7d00000|  0%| F|  |TAMS 0x00000000a7c00000| PB 0x00000000a7c00000| Untracked 
| 125|0x00000000a7d00000, 0x00000000a7d00000, 0x00000000a7e00000|  0%| F|  |TAMS 0x00000000a7d00000| PB 0x00000000a7d00000| Untracked 
| 126|0x00000000a7e00000, 0x00000000a7e00000, 0x00000000a7f00000|  0%| F|  |TAMS 0x00000000a7e00000| PB 0x00000000a7e00000| Untracked 
| 127|0x00000000a7f00000, 0x00000000a7f00000, 0x00000000a8000000|  0%| F|  |TAMS 0x00000000a7f00000| PB 0x00000000a7f00000| Untracked 
| 128|0x00000000a8000000, 0x00000000a8000000, 0x00000000a8100000|  0%| F|  |TAMS 0x00000000a8000000| PB 0x00000000a8000000| Untracked 
| 129|0x00000000a8100000, 0x00000000a8100000, 0x00000000a8200000|  0%| F|  |TAMS 0x00000000a8100000| PB 0x00000000a8100000| Untracked 
| 130|0x00000000a8200000, 0x00000000a8200000, 0x00000000a8300000|  0%| F|  |TAMS 0x00000000a8200000| PB 0x00000000a8200000| Untracked 
| 131|0x00000000a8300000, 0x00000000a8300000, 0x00000000a8400000|  0%| F|  |TAMS 0x00000000a8300000| PB 0x00000000a8300000| Untracked 
| 132|0x00000000a8400000, 0x00000000a8400000, 0x00000000a8500000|  0%| F|  |TAMS 0x00000000a8400000| PB 0x00000000a8400000| Untracked 
| 133|0x00000000a8500000, 0x00000000a8500000, 0x00000000a8600000|  0%| F|  |TAMS 0x00000000a8500000| PB 0x00000000a8500000| Untracked 
| 134|0x00000000a8600000, 0x00000000a8600000, 0x00000000a8700000|  0%| F|  |TAMS 0x00000000a8600000| PB 0x00000000a8600000| Untracked 
| 135|0x00000000a8700000, 0x00000000a8700000, 0x00000000a8800000|  0%| F|  |TAMS 0x00000000a8700000| PB 0x00000000a8700000| Untracked 
| 136|0x00000000a8800000, 0x00000000a8800000, 0x00000000a8900000|  0%| F|  |TAMS 0x00000000a8800000| PB 0x00000000a8800000| Untracked 
| 137|0x00000000a8900000, 0x00000000a8900000, 0x00000000a8a00000|  0%| F|  |TAMS 0x00000000a8900000| PB 0x00000000a8900000| Untracked 
| 138|0x00000000a8a00000, 0x00000000a8a00000, 0x00000000a8b00000|  0%| F|  |TAMS 0x00000000a8a00000| PB 0x00000000a8a00000| Untracked 
| 139|0x00000000a8b00000, 0x00000000a8b00000, 0x00000000a8c00000|  0%| F|  |TAMS 0x00000000a8b00000| PB 0x00000000a8b00000| Untracked 
| 140|0x00000000a8c00000, 0x00000000a8c00000, 0x00000000a8d00000|  0%| F|  |TAMS 0x00000000a8c00000| PB 0x00000000a8c00000| Untracked 
| 141|0x00000000a8d00000, 0x00000000a8d00000, 0x00000000a8e00000|  0%| F|  |TAMS 0x00000000a8d00000| PB 0x00000000a8d00000| Untracked 
| 142|0x00000000a8e00000, 0x00000000a8e00000, 0x00000000a8f00000|  0%| F|  |TAMS 0x00000000a8e00000| PB 0x00000000a8e00000| Untracked 
| 143|0x00000000a8f00000, 0x00000000a8f00000, 0x00000000a9000000|  0%| F|  |TAMS 0x00000000a8f00000| PB 0x00000000a8f00000| Untracked 
| 144|0x00000000a9000000, 0x00000000a9000000, 0x00000000a9100000|  0%| F|  |TAMS 0x00000000a9000000| PB 0x00000000a9000000| Untracked 
| 145|0x00000000a9100000, 0x00000000a9100000, 0x00000000a9200000|  0%| F|  |TAMS 0x00000000a9100000| PB 0x00000000a9100000| Untracked 
| 146|0x00000000a9200000, 0x00000000a9200000, 0x00000000a9300000|  0%| F|  |TAMS 0x00000000a9200000| PB 0x00000000a9200000| Untracked 
| 147|0x00000000a9300000, 0x00000000a9300000, 0x00000000a9400000|  0%| F|  |TAMS 0x00000000a9300000| PB 0x00000000a9300000| Untracked 
| 148|0x00000000a9400000, 0x00000000a9400000, 0x00000000a9500000|  0%| F|  |TAMS 0x00000000a9400000| PB 0x00000000a9400000| Untracked 
| 149|0x00000000a9500000, 0x00000000a9500000, 0x00000000a9600000|  0%| F|  |TAMS 0x00000000a9500000| PB 0x00000000a9500000| Untracked 
| 150|0x00000000a9600000, 0x00000000a9600000, 0x00000000a9700000|  0%| F|  |TAMS 0x00000000a9600000| PB 0x00000000a9600000| Untracked 
| 151|0x00000000a9700000, 0x00000000a9700000, 0x00000000a9800000|  0%| F|  |TAMS 0x00000000a9700000| PB 0x00000000a9700000| Untracked 
| 152|0x00000000a9800000, 0x00000000a9800000, 0x00000000a9900000|  0%| F|  |TAMS 0x00000000a9800000| PB 0x00000000a9800000| Untracked 
| 153|0x00000000a9900000, 0x00000000a9900000, 0x00000000a9a00000|  0%| F|  |TAMS 0x00000000a9900000| PB 0x00000000a9900000| Untracked 
| 154|0x00000000a9a00000, 0x00000000a9a00000, 0x00000000a9b00000|  0%| F|  |TAMS 0x00000000a9a00000| PB 0x00000000a9a00000| Untracked 
| 155|0x00000000a9b00000, 0x00000000a9b00000, 0x00000000a9c00000|  0%| F|  |TAMS 0x00000000a9b00000| PB 0x00000000a9b00000| Untracked 
| 156|0x00000000a9c00000, 0x00000000a9c00000, 0x00000000a9d00000|  0%| F|  |TAMS 0x00000000a9c00000| PB 0x00000000a9c00000| Untracked 
| 157|0x00000000a9d00000, 0x00000000a9d00000, 0x00000000a9e00000|  0%| F|  |TAMS 0x00000000a9d00000| PB 0x00000000a9d00000| Untracked 
| 158|0x00000000a9e00000, 0x00000000a9e00000, 0x00000000a9f00000|  0%| F|  |TAMS 0x00000000a9e00000| PB 0x00000000a9e00000| Untracked 
| 159|0x00000000a9f00000, 0x00000000a9f00000, 0x00000000aa000000|  0%| F|  |TAMS 0x00000000a9f00000| PB 0x00000000a9f00000| Untracked 
| 160|0x00000000aa000000, 0x00000000aa000000, 0x00000000aa100000|  0%| F|  |TAMS 0x00000000aa000000| PB 0x00000000aa000000| Untracked 
| 161|0x00000000aa100000, 0x00000000aa100000, 0x00000000aa200000|  0%| F|  |TAMS 0x00000000aa100000| PB 0x00000000aa100000| Untracked 
| 162|0x00000000aa200000, 0x00000000aa200000, 0x00000000aa300000|  0%| F|  |TAMS 0x00000000aa200000| PB 0x00000000aa200000| Untracked 
| 163|0x00000000aa300000, 0x00000000aa300000, 0x00000000aa400000|  0%| F|  |TAMS 0x00000000aa300000| PB 0x00000000aa300000| Untracked 
| 164|0x00000000aa400000, 0x00000000aa400000, 0x00000000aa500000|  0%| F|  |TAMS 0x00000000aa400000| PB 0x00000000aa400000| Untracked 
| 165|0x00000000aa500000, 0x00000000aa500000, 0x00000000aa600000|  0%| F|  |TAMS 0x00000000aa500000| PB 0x00000000aa500000| Untracked 
| 166|0x00000000aa600000, 0x00000000aa600000, 0x00000000aa700000|  0%| F|  |TAMS 0x00000000aa600000| PB 0x00000000aa600000| Untracked 
| 167|0x00000000aa700000, 0x00000000aa703ed0, 0x00000000aa800000|  1%| E|  |TAMS 0x00000000aa700000| PB 0x00000000aa700000| Complete 
| 168|0x00000000aa800000, 0x00000000aa900000, 0x00000000aa900000|100%| E|CS|TAMS 0x00000000aa800000| PB 0x00000000aa800000| Complete 
| 169|0x00000000aa900000, 0x00000000aaa00000, 0x00000000aaa00000|100%| E|CS|TAMS 0x00000000aa900000| PB 0x00000000aa900000| Complete 
|1529|0x00000000ff900000, 0x00000000ffa00000, 0x00000000ffa00000|100%| O|  |TAMS 0x00000000ffa00000| PB 0x00000000ffa00000| Updating 
|1530|0x00000000ffa00000, 0x00000000ffb00000, 0x00000000ffb00000|100%| O|  |TAMS 0x00000000ffb00000| PB 0x00000000ffb00000| Updating 
|1531|0x00000000ffb00000, 0x00000000ffc00000, 0x00000000ffc00000|100%| O|  |TAMS 0x00000000ffc00000| PB 0x00000000ffc00000| Updating 
|1532|0x00000000ffc00000, 0x00000000ffd00000, 0x00000000ffd00000|100%| O|  |TAMS 0x00000000ffd00000| PB 0x00000000ffd00000| Untracked 
|1533|0x00000000ffd00000, 0x00000000ffe00000, 0x00000000ffe00000|100%| O|  |TAMS 0x00000000ffe00000| PB 0x00000000ffe00000| Untracked 
|1534|0x00000000ffe00000, 0x00000000fff00000, 0x00000000fff00000|100%| O|  |TAMS 0x00000000fff00000| PB 0x00000000fff00000| Untracked 
|1535|0x00000000fff00000, 0x0000000100000000, 0x0000000100000000|100%| E|CS|TAMS 0x00000000fff00000| PB 0x00000000fff00000| Complete 

Card table byte_map: [0x00000270f22f0000,0x00000270f25f0000] _byte_map_base: 0x00000270f1df0000

Marking Bits: (CMBitMap*) 0x00000270dfe29780
 Bits: [0x00000270f25f0000, 0x00000270f3df0000)

Polling page: 0x00000270ddbc0000

Metaspace:

Usage:
  Non-class:     78.51 MB used.
      Class:     12.71 MB used.
       Both:     91.22 MB used.

Virtual space:
  Non-class space:      128.00 MB reserved,      79.62 MB ( 62%) committed,  2 nodes.
      Class space:        1.00 GB reserved,      13.81 MB (  1%) committed,  1 nodes.
             Both:        1.12 GB reserved,      93.44 MB (  8%) committed. 

Chunk freelists:
   Non-Class:  335.00 KB
       Class:  2.16 MB
        Both:  2.49 MB

MaxMetaspaceSize: unlimited
CompressedClassSpaceSize: 1.00 GB
Initial GC threshold: 21.00 MB
Current GC threshold: 155.75 MB
CDS: on
 - commit_granule_bytes: 65536.
 - commit_granule_words: 8192.
 - virtual_space_node_default_size: 8388608.
 - enlarge_chunks_in_place: 1.
 - use_allocation_guard: 0.


Internal statistics:

num_allocs_failed_limit: 6.
num_arena_births: 3972.
num_arena_deaths: 6.
num_vsnodes_births: 3.
num_vsnodes_deaths: 0.
num_space_committed: 1495.
num_space_uncommitted: 0.
num_chunks_returned_to_freelist: 22.
num_chunks_taken_from_freelist: 8143.
num_chunk_merges: 8.
num_chunk_splits: 5297.
num_chunks_enlarged: 3341.
num_inconsistent_stats: 0.

CodeHeap 'non-profiled nmethods': size=120000Kb used=8231Kb max_used=8800Kb free=111768Kb
 bounds [0x00000270eaac0000, 0x00000270eb370000, 0x00000270f1ff0000]
CodeHeap 'profiled nmethods': size=120000Kb used=22809Kb max_used=25191Kb free=97190Kb
 bounds [0x00000270e2ff0000, 0x00000270e4890000, 0x00000270ea520000]
CodeHeap 'non-nmethods': size=5760Kb used=2762Kb max_used=2848Kb free=2997Kb
 bounds [0x00000270ea520000, 0x00000270ea800000, 0x00000270eaac0000]
CodeCache: size=245760Kb, used=33802Kb, max_used=36839Kb, free=211955Kb
 total_blobs=13095, nmethods=12081, adapters=917, full_count=0
Compilation: enabled, stopped_count=0, restarted_count=0

Compilation events (20 events):
Event: 203.172 Thread 0x00000270f62a6ea0 15004       4       org.gradle.internal.serialize.HierarchicalNameSerializer::writeName (88 bytes)
Event: 203.222 Thread 0x00000270f62a6ea0 nmethod 15004 0x00000270eb0bde90 code [0x00000270eb0be140, 0x00000270eb0bee70]
Event: 203.267 Thread 0x00000270f62a6ea0 15005       4       org.gradle.api.internal.initialization.transform.InstrumentationAnalysisTransform$$Lambda/0x0000027081d96d98::accept (12 bytes)
Event: 203.270 Thread 0x00000270f62a6ea0 nmethod 15005 0x00000270eb1ac910 code [0x00000270eb1acac0, 0x00000270eb1acbe8]
Event: 203.372 Thread 0x00000270f62a6ea0 15006       4       java.lang.Iterable::forEach (39 bytes)
Event: 203.376 Thread 0x00000270f62a6ea0 nmethod 15006 0x00000270eab55b90 code [0x00000270eab55d40, 0x00000270eab55eb8]
Event: 203.495 Thread 0x00000270f62d32b0 15007       3       org.gradle.internal.serialize.HierarchicalNameSerializer::writeFirstOccurrenceOfName (73 bytes)
Event: 203.497 Thread 0x00000270f62d32b0 nmethod 15007 0x00000270e3a6cc90 code [0x00000270e3a6cf40, 0x00000270e3a6db48]
Event: 203.554 Thread 0x00000270f62a6ea0 15008       4       org.gradle.internal.serialize.HierarchicalNameSerializer::writeFirstOccurrenceOfName (73 bytes)
Event: 203.577 Thread 0x00000270f62d32b0 15009  s!   3       sun.nio.ch.ChannelOutputStream::write (145 bytes)
Event: 203.579 Thread 0x00000270f62d32b0 nmethod 15009 0x00000270e3a77110 code [0x00000270e3a773a0, 0x00000270e3a780f8]
Event: 203.579 Thread 0x00000270f62d32b0 15010       3       sun.nio.ch.ChannelOutputStream::writeFully (36 bytes)
Event: 203.580 Thread 0x00000270f62d32b0 nmethod 15010 0x00000270e3751410 code [0x00000270e3751600, 0x00000270e3751a40]
Event: 203.580 Thread 0x00000270f62d32b0 15011   !   3       sun.nio.ch.FileChannelImpl::write (288 bytes)
Event: 203.582 Thread 0x00000270f62d32b0 nmethod 15011 0x00000270e3b08810 code [0x00000270e3b08b60, 0x00000270e3b09c70]
Event: 203.621 Thread 0x00000270f62a6ea0 nmethod 15008 0x00000270eb0f5f10 code [0x00000270eb0f61e0, 0x00000270eb0f76e8]
Event: 203.845 Thread 0x00000270f62d32b0 15012       1       org.gradle.api.internal.artifacts.transform.DefaultTransformOutputs::access$100 (5 bytes)
Event: 203.845 Thread 0x00000270f62d32b0 nmethod 15012 0x00000270eb0a4e90 code [0x00000270eb0a5020, 0x00000270eb0a50d0]
Event: 204.089 Thread 0x00000270f62a6ea0 15013       4       java.util.stream.Collectors$CollectorImpl::<init> (13 bytes)
Event: 204.100 Thread 0x00000270f62a6ea0 nmethod 15013 0x00000270eac31d90 code [0x00000270eac31f20, 0x00000270eac32468]

GC Heap History (20 events):
Event: 142.164 GC heap before
{Heap before GC invocations=40 (full 0):
 garbage-first heap   total 159744K, used 146924K [0x00000000a0000000, 0x0000000100000000)
  region size 1024K, 63 young (64512K), 4 survivors (4096K)
 Metaspace       used 83172K, committed 85312K, reserved 1179648K
  class space    used 11762K, committed 12800K, reserved 1048576K
}
Event: 142.185 GC heap after
{Heap after GC invocations=41 (full 0):
 garbage-first heap   total 159744K, used 93184K [0x00000000a0000000, 0x0000000100000000)
  region size 1024K, 8 young (8192K), 8 survivors (8192K)
 Metaspace       used 83172K, committed 85312K, reserved 1179648K
  class space    used 11762K, committed 12800K, reserved 1048576K
}
Event: 150.293 GC heap before
{Heap before GC invocations=42 (full 0):
 garbage-first heap   total 159744K, used 148480K [0x00000000a0000000, 0x0000000100000000)
  region size 1024K, 61 young (62464K), 8 survivors (8192K)
 Metaspace       used 84123K, committed 86336K, reserved 1179648K
  class space    used 11949K, committed 12992K, reserved 1048576K
}
Event: 150.319 GC heap after
{Heap after GC invocations=43 (full 0):
 garbage-first heap   total 160768K, used 96605K [0x00000000a0000000, 0x0000000100000000)
  region size 1024K, 6 young (6144K), 6 survivors (6144K)
 Metaspace       used 84123K, committed 86336K, reserved 1179648K
  class space    used 11949K, committed 12992K, reserved 1048576K
}
Event: 159.782 GC heap before
{Heap before GC invocations=43 (full 0):
 garbage-first heap   total 160768K, used 146781K [0x00000000a0000000, 0x0000000100000000)
  region size 1024K, 55 young (56320K), 6 survivors (6144K)
 Metaspace       used 84847K, committed 87040K, reserved 1179648K
  class space    used 12038K, committed 13120K, reserved 1048576K
}
Event: 159.804 GC heap after
{Heap after GC invocations=44 (full 0):
 garbage-first heap   total 160768K, used 98574K [0x00000000a0000000, 0x0000000100000000)
  region size 1024K, 5 young (5120K), 5 survivors (5120K)
 Metaspace       used 84847K, committed 87040K, reserved 1179648K
  class space    used 12038K, committed 13120K, reserved 1048576K
}
Event: 160.713 GC heap before
{Heap before GC invocations=44 (full 0):
 garbage-first heap   total 160768K, used 146702K [0x00000000a0000000, 0x0000000100000000)
  region size 1024K, 52 young (53248K), 5 survivors (5120K)
 Metaspace       used 84884K, committed 87104K, reserved 1179648K
  class space    used 12038K, committed 13120K, reserved 1048576K
}
Event: 160.725 GC heap after
{Heap after GC invocations=45 (full 0):
 garbage-first heap   total 160768K, used 99328K [0x00000000a0000000, 0x0000000100000000)
  region size 1024K, 1 young (1024K), 1 survivors (1024K)
 Metaspace       used 84884K, committed 87104K, reserved 1179648K
  class space    used 12038K, committed 13120K, reserved 1048576K
}
Event: 172.615 GC heap before
{Heap before GC invocations=46 (full 0):
 garbage-first heap   total 163840K, used 147456K [0x00000000a0000000, 0x0000000100000000)
  region size 1024K, 50 young (51200K), 1 survivors (1024K)
 Metaspace       used 92824K, committed 95104K, reserved 1179648K
  class space    used 12968K, committed 14080K, reserved 1048576K
}
Event: 172.633 GC heap after
{Heap after GC invocations=47 (full 0):
 garbage-first heap   total 163840K, used 103983K [0x00000000a0000000, 0x0000000100000000)
  region size 1024K, 7 young (7168K), 7 survivors (7168K)
 Metaspace       used 92824K, committed 95104K, reserved 1179648K
  class space    used 12968K, committed 14080K, reserved 1048576K
}
Event: 197.152 GC heap before
{Heap before GC invocations=47 (full 0):
 garbage-first heap   total 163840K, used 152111K [0x00000000a0000000, 0x0000000100000000)
  region size 1024K, 54 young (55296K), 7 survivors (7168K)
 Metaspace       used 93413K, committed 95680K, reserved 1179648K
  class space    used 13020K, committed 14144K, reserved 1048576K
}
Event: 197.171 GC heap after
{Heap after GC invocations=48 (full 0):
 garbage-first heap   total 165888K, used 106842K [0x00000000a0000000, 0x0000000100000000)
  region size 1024K, 4 young (4096K), 4 survivors (4096K)
 Metaspace       used 93413K, committed 95680K, reserved 1179648K
  class space    used 13020K, committed 14144K, reserved 1048576K
}
Event: 198.234 GC heap before
{Heap before GC invocations=48 (full 0):
 garbage-first heap   total 165888K, used 151898K [0x00000000a0000000, 0x0000000100000000)
  region size 1024K, 49 young (50176K), 4 survivors (4096K)
 Metaspace       used 93416K, committed 95680K, reserved 1179648K
  class space    used 13020K, committed 14144K, reserved 1048576K
}
Event: 198.242 GC heap after
{Heap after GC invocations=49 (full 0):
 garbage-first heap   total 165888K, used 107785K [0x00000000a0000000, 0x0000000100000000)
  region size 1024K, 5 young (5120K), 5 survivors (5120K)
 Metaspace       used 93416K, committed 95680K, reserved 1179648K
  class space    used 13020K, committed 14144K, reserved 1048576K
}
Event: 200.013 GC heap before
{Heap before GC invocations=50 (full 0):
 garbage-first heap   total 181248K, used 153865K [0x00000000a0000000, 0x0000000100000000)
  region size 1024K, 51 young (52224K), 5 survivors (5120K)
 Metaspace       used 93405K, committed 95680K, reserved 1179648K
  class space    used 13015K, committed 14144K, reserved 1048576K
}
Event: 200.024 GC heap after
{Heap after GC invocations=51 (full 0):
 garbage-first heap   total 181248K, used 109369K [0x00000000a0000000, 0x0000000100000000)
  region size 1024K, 4 young (4096K), 4 survivors (4096K)
 Metaspace       used 93405K, committed 95680K, reserved 1179648K
  class space    used 13015K, committed 14144K, reserved 1048576K
}
Event: 202.109 GC heap before
{Heap before GC invocations=51 (full 0):
 garbage-first heap   total 181248K, used 167737K [0x00000000a0000000, 0x0000000100000000)
  region size 1024K, 62 young (63488K), 4 survivors (4096K)
 Metaspace       used 93405K, committed 95680K, reserved 1179648K
  class space    used 13015K, committed 14144K, reserved 1048576K
}
Event: 202.125 GC heap after
{Heap after GC invocations=52 (full 0):
 garbage-first heap   total 181248K, used 109450K [0x00000000a0000000, 0x0000000100000000)
  region size 1024K, 5 young (5120K), 5 survivors (5120K)
 Metaspace       used 93405K, committed 95680K, reserved 1179648K
  class space    used 13015K, committed 14144K, reserved 1048576K
}
Event: 203.679 GC heap before
{Heap before GC invocations=52 (full 0):
 garbage-first heap   total 181248K, used 169866K [0x00000000a0000000, 0x0000000100000000)
  region size 1024K, 64 young (65536K), 5 survivors (5120K)
 Metaspace       used 93407K, committed 95680K, reserved 1179648K
  class space    used 13015K, committed 14144K, reserved 1048576K
}
Event: 203.698 GC heap after
{Heap after GC invocations=53 (full 0):
 garbage-first heap   total 181248K, used 113435K [0x00000000a0000000, 0x0000000100000000)
  region size 1024K, 8 young (8192K), 8 survivors (8192K)
 Metaspace       used 93407K, committed 95680K, reserved 1179648K
  class space    used 13015K, committed 14144K, reserved 1048576K
}

Dll operation events (14 events):
Event: 0.127 Loaded shared library C:\Users\Mukhtar mubarok\.vscode\extensions\redhat.java-1.54.0-win32-x64\jre\21.0.10-win32-x86_64\bin\java.dll
Event: 1.869 Loaded shared library C:\Users\Mukhtar mubarok\.vscode\extensions\redhat.java-1.54.0-win32-x64\jre\21.0.10-win32-x86_64\bin\zip.dll
Event: 2.211 Loaded shared library C:\Users\Mukhtar mubarok\.vscode\extensions\redhat.java-1.54.0-win32-x64\jre\21.0.10-win32-x86_64\bin\instrument.dll
Event: 2.298 Loaded shared library C:\Users\Mukhtar mubarok\.vscode\extensions\redhat.java-1.54.0-win32-x64\jre\21.0.10-win32-x86_64\bin\net.dll
Event: 2.307 Loaded shared library C:\Users\Mukhtar mubarok\.vscode\extensions\redhat.java-1.54.0-win32-x64\jre\21.0.10-win32-x86_64\bin\nio.dll
Event: 2.324 Loaded shared library C:\Users\Mukhtar mubarok\.vscode\extensions\redhat.java-1.54.0-win32-x64\jre\21.0.10-win32-x86_64\bin\zip.dll
Event: 4.883 Loaded shared library C:\Users\Mukhtar mubarok\.vscode\extensions\redhat.java-1.54.0-win32-x64\jre\21.0.10-win32-x86_64\bin\jimage.dll
Event: 5.784 Loaded shared library C:\Users\Mukhtar mubarok\.vscode\extensions\redhat.java-1.54.0-win32-x64\jre\21.0.10-win32-x86_64\bin\verify.dll
Event: 6.324 Loaded shared library C:\Users\Mukhtar mubarok\.gradle\native\1def1411415f61bf3af743bc5b6707747c0891f09f0c88961ee8f79bc544acac\windows-amd64\native-platform.dll
Event: 6.870 Loaded shared library C:\Users\Mukhtar mubarok\.gradle\native\0.2.7\x86_64-windows-gnu\gradle-fileevents.dll
Event: 11.837 Loaded shared library C:\Users\Mukhtar mubarok\.vscode\extensions\redhat.java-1.54.0-win32-x64\jre\21.0.10-win32-x86_64\bin\management.dll
Event: 11.848 Loaded shared library C:\Users\Mukhtar mubarok\.vscode\extensions\redhat.java-1.54.0-win32-x64\jre\21.0.10-win32-x86_64\bin\management_ext.dll
Event: 12.451 Loaded shared library C:\Users\Mukhtar mubarok\.vscode\extensions\redhat.java-1.54.0-win32-x64\jre\21.0.10-win32-x86_64\bin\extnet.dll
Event: 13.125 Loaded shared library C:\Users\Mukhtar mubarok\.vscode\extensions\redhat.java-1.54.0-win32-x64\jre\21.0.10-win32-x86_64\bin\sunmscapi.dll

Deoptimization events (20 events):
Event: 199.732 Thread 0x00000270fb0a3480 Uncommon trap: trap_request=0xfffffff4 fr.pc=0x00000270eac570e0 relative=0x00000000000007c0
Event: 199.732 Thread 0x00000270fb0a3480 Uncommon trap: reason=null_check action=make_not_entrant pc=0x00000270eac570e0 method=org.gradle.api.internal.file.archive.impl.FileZipInput$1.computeNext()Lorg/gradle/api/internal/file/archive/ZipEntry; @ 19 c2
Event: 199.732 Thread 0x00000270fb0a3480 DEOPT PACKING pc=0x00000270eac570e0 sp=0x000000fc13ef2ce0
Event: 199.732 Thread 0x00000270fb0a3480 DEOPT UNPACKING pc=0x00000270ea574422 sp=0x000000fc13ef2c68 mode 2
Event: 199.802 Thread 0x00000270fc6ae3b0 Uncommon trap: trap_request=0xffffff76 fr.pc=0x00000270eb1ade28 relative=0x0000000000000448
Event: 199.802 Thread 0x00000270fc6ae3b0 Uncommon trap: reason=predicate action=maybe_recompile pc=0x00000270eb1ade28 method=java.util.AbstractCollection.toArray([Ljava/lang/Object;)[Ljava/lang/Object; @ 43 c2
Event: 199.802 Thread 0x00000270fc6ae3b0 DEOPT PACKING pc=0x00000270eb1ade28 sp=0x000000fc170fb500
Event: 199.802 Thread 0x00000270fc6ae3b0 DEOPT UNPACKING pc=0x00000270ea574422 sp=0x000000fc170fb4a8 mode 2
Event: 203.092 Thread 0x00000270fc6add20 Uncommon trap: trap_request=0xffffff45 fr.pc=0x00000270eb351d20 relative=0x0000000000005ca0
Event: 203.092 Thread 0x00000270fc6add20 Uncommon trap: reason=unstable_if action=reinterpret pc=0x00000270eb351d20 method=com.google.common.collect.HashBiMap.seekByValue(Ljava/lang/Object;I)Lcom/google/common/collect/HashBiMap$BiEntry; @ 32 c2
Event: 203.092 Thread 0x00000270fc6add20 DEOPT PACKING pc=0x00000270eb351d20 sp=0x000000fc16ffb3f0
Event: 203.092 Thread 0x00000270fc6add20 DEOPT UNPACKING pc=0x00000270ea574422 sp=0x000000fc16ffb1c0 mode 2
Event: 203.092 Thread 0x00000270fc6add20 Uncommon trap: trap_request=0xffffff45 fr.pc=0x00000270eb3466a0 relative=0x0000000000000980
Event: 203.093 Thread 0x00000270fc6add20 Uncommon trap: reason=unstable_if action=reinterpret pc=0x00000270eb3466a0 method=com.google.common.collect.HashBiMap.seekByValue(Ljava/lang/Object;I)Lcom/google/common/collect/HashBiMap$BiEntry; @ 32 c2
Event: 203.093 Thread 0x00000270fc6add20 DEOPT PACKING pc=0x00000270eb3466a0 sp=0x000000fc16ffb2b0
Event: 203.093 Thread 0x00000270fc6add20 DEOPT UNPACKING pc=0x00000270ea574422 sp=0x000000fc16ffb110 mode 2
Event: 203.493 Thread 0x00000270fc6add20 Uncommon trap: trap_request=0xffffff45 fr.pc=0x00000270eb35f8b8 relative=0x0000000000006a18
Event: 203.493 Thread 0x00000270fc6add20 Uncommon trap: reason=unstable_if action=reinterpret pc=0x00000270eb35f8b8 method=com.google.common.collect.HashBiMap.seekByValue(Ljava/lang/Object;I)Lcom/google/common/collect/HashBiMap$BiEntry; @ 32 c2
Event: 203.493 Thread 0x00000270fc6add20 DEOPT PACKING pc=0x00000270eb35f8b8 sp=0x000000fc16ffb3e0
Event: 203.493 Thread 0x00000270fc6add20 DEOPT UNPACKING pc=0x00000270ea574422 sp=0x000000fc16ffb218 mode 2

Classes loaded (20 events):
Event: 169.540 Loading class sun/security/ssl/PreSharedKeyExtension$PskIdentity
Event: 169.541 Loading class sun/security/ssl/PreSharedKeyExtension$PskIdentity done
Event: 169.543 Loading class sun/security/ssl/PreSharedKeyExtension$CHPreSharedKeySpec
Event: 169.543 Loading class sun/security/ssl/PreSharedKeyExtension$CHPreSharedKeySpec done
Event: 169.544 Loading class sun/security/ssl/PreSharedKeyExtension$PartialClientHelloMessage
Event: 169.544 Loading class sun/security/ssl/PreSharedKeyExtension$PartialClientHelloMessage done
Event: 169.544 Loading class sun/security/ssl/SSLEngineOutputRecord
Event: 169.545 Loading class sun/security/ssl/SSLEngineOutputRecord done
Event: 169.545 Loading class sun/security/ssl/SSLEngineOutputRecord$HandshakeFragment
Event: 169.547 Loading class sun/security/ssl/SSLEngineOutputRecord$HandshakeFragment done
Event: 169.547 Loading class sun/security/ssl/SSLEngineOutputRecord$HandshakeMemo
Event: 169.547 Loading class sun/security/ssl/SSLEngineOutputRecord$RecordMemo
Event: 169.549 Loading class sun/security/ssl/SSLEngineOutputRecord$RecordMemo done
Event: 169.549 Loading class sun/security/ssl/SSLEngineOutputRecord$HandshakeMemo done
Event: 169.589 Loading class sun/security/ssl/PreSharedKeyExtension$SHPreSharedKeySpec
Event: 169.589 Loading class sun/security/ssl/PreSharedKeyExtension$SHPreSharedKeySpec done
Event: 195.939 Loading class java/util/zip/ZipFile$ZipEntryIterator
Event: 195.940 Loading class java/util/zip/ZipFile$ZipEntryIterator done
Event: 195.997 Loading class java/util/zip/ZipInputStream
Event: 195.997 Loading class java/util/zip/ZipInputStream done

Classes unloaded (20 events):
Event: 112.864 Thread 0x00000270f6280b10 Unloading class 0x0000027081910bd0 '_BuildScript_$_run_closure2$_closure11'
Event: 112.864 Thread 0x00000270f6280b10 Unloading class 0x00000270819107e0 '_BuildScript_$_run_closure2'
Event: 112.864 Thread 0x00000270f6280b10 Unloading class 0x00000270819103f0 '_BuildScript_$_run_closure1$_closure6$_closure10'
Event: 112.864 Thread 0x00000270f6280b10 Unloading class 0x0000027081910000 '_BuildScript_$_run_closure1$_closure6$_closure9'
Event: 112.864 Thread 0x00000270f6280b10 Unloading class 0x000002708190dbd0 '_BuildScript_$_run_closure1$_closure6'
Event: 112.864 Thread 0x00000270f6280b10 Unloading class 0x000002708190d7e0 '_BuildScript_$_run_closure1$_closure5$_closure8'
Event: 112.864 Thread 0x00000270f6280b10 Unloading class 0x000002708190d3f0 '_BuildScript_$_run_closure1$_closure5'
Event: 112.864 Thread 0x00000270f6280b10 Unloading class 0x000002708190d000 '_BuildScript_$_run_closure1$_closure4$_closure7'
Event: 112.864 Thread 0x00000270f6280b10 Unloading class 0x000002708190c930 '_BuildScript_$_run_closure1$_closure4'
Event: 112.864 Thread 0x00000270f6280b10 Unloading class 0x000002708190c540 '_BuildScript_$_run_closure1'
Event: 112.864 Thread 0x00000270f6280b10 Unloading class 0x000002708190c000 '_BuildScript_'
Event: 142.522 Thread 0x00000270f6280b10 Unloading class 0x0000027081af2c00 '_BuildScript_$_run_closure2'
Event: 142.522 Thread 0x00000270f6280b10 Unloading class 0x0000027081af3918 '_BuildScript_$_run_closure1$_closure3'
Event: 142.522 Thread 0x00000270f6280b10 Unloading class 0x0000027081af3528 '_BuildScript_$_run_closure1'
Event: 142.522 Thread 0x00000270f6280b10 Unloading class 0x0000027081af3000 '_BuildScript_'
Event: 198.695 Thread 0x00000270f6280b10 Unloading class 0x0000027081cd5bd0 '_BuildScript_$_run_closure1$_closure3'
Event: 198.695 Thread 0x00000270f6280b10 Unloading class 0x0000027081cd57e0 '_BuildScript_$_run_closure1$_closure2$_closure4'
Event: 198.695 Thread 0x00000270f6280b10 Unloading class 0x0000027081cd53f0 '_BuildScript_$_run_closure1$_closure2'
Event: 198.695 Thread 0x00000270f6280b10 Unloading class 0x0000027081cd5000 '_BuildScript_$_run_closure1'
Event: 198.695 Thread 0x00000270f6280b10 Unloading class 0x0000027081cd4800 '_BuildScript_'

Classes redefined (0 events):
No events

Internal exceptions (20 events):
Event: 161.353 Thread 0x00000270fb0a3480 Exception <a 'sun/nio/fs/WindowsException'{0x00000000fffd6888}> (0x00000000fffd6888) 
thrown [s\src\hotspot\share\prims\jni.cpp, line 520]
Event: 161.418 Thread 0x00000270fb0a3480 Exception <a 'sun/nio/fs/WindowsException'{0x00000000fffeb0a0}> (0x00000000fffeb0a0) 
thrown [s\src\hotspot\share\prims\jni.cpp, line 520]
Event: 161.492 Thread 0x00000270fb0a3480 Exception <a 'sun/nio/fs/WindowsException'{0x00000000a9603a20}> (0x00000000a9603a20) 
thrown [s\src\hotspot\share\prims\jni.cpp, line 520]
Event: 161.697 Thread 0x00000270fb0a3480 Exception <a 'sun/nio/fs/WindowsException'{0x00000000a960e7e8}> (0x00000000a960e7e8) 
thrown [s\src\hotspot\share\prims\jni.cpp, line 520]
Event: 162.142 Thread 0x00000270fcd7ebd0 Exception <a 'sun/nio/fs/WindowsException'{0x00000000a9905960}> (0x00000000a9905960) 
thrown [s\src\hotspot\share\prims\jni.cpp, line 520]
Event: 162.144 Thread 0x00000270fcd7ebd0 Exception <a 'sun/nio/fs/WindowsException'{0x00000000a9906008}> (0x00000000a9906008) 
thrown [s\src\hotspot\share\prims\jni.cpp, line 520]
Event: 162.148 Thread 0x00000270fcd7ebd0 Exception <a 'sun/nio/fs/WindowsException'{0x00000000a9916570}> (0x00000000a9916570) 
thrown [s\src\hotspot\share\prims\jni.cpp, line 520]
Event: 162.151 Thread 0x00000270fcd7ebd0 Exception <a 'sun/nio/fs/WindowsException'{0x00000000a99272f8}> (0x00000000a99272f8) 
thrown [s\src\hotspot\share\prims\jni.cpp, line 520]
Event: 162.156 Thread 0x00000270fcd7ebd0 Exception <a 'sun/nio/fs/WindowsException'{0x00000000a9938f98}> (0x00000000a9938f98) 
thrown [s\src\hotspot\share\prims\jni.cpp, line 520]
Event: 162.160 Thread 0x00000270fcd7ebd0 Exception <a 'sun/nio/fs/WindowsException'{0x00000000a994c200}> (0x00000000a994c200) 
thrown [s\src\hotspot\share\prims\jni.cpp, line 520]
Event: 162.163 Thread 0x00000270fcd7ebd0 Exception <a 'sun/nio/fs/WindowsException'{0x00000000a9959a08}> (0x00000000a9959a08) 
thrown [s\src\hotspot\share\prims\jni.cpp, line 520]
Event: 162.256 Thread 0x00000270fb0a3480 Exception <a 'java/lang/ClassNotFoundException'{0x00000000a9985070}: build_4lrshu300zp0mij38p8gmetipBeanInfo> (0x00000000a9985070) 
thrown [s\src\hotspot\share\classfile\systemDictionary.cpp, line 312]
Event: 162.257 Thread 0x00000270fb0a3480 Exception <a 'java/lang/ClassNotFoundException'{0x00000000a998be70}: build_4lrshu300zp0mij38p8gmetipCustomizer> (0x00000000a998be70) 
thrown [s\src\hotspot\share\classfile\systemDictionary.cpp, line 312]
Event: 162.859 Thread 0x00000270fb0a3480 Implicit null exception at 0x00000270ead202fc to 0x00000270ead20328
Event: 163.074 Thread 0x00000270fb0a3480 Exception <a 'sun/nio/fs/WindowsException'{0x00000000a95b5290}> (0x00000000a95b5290) 
thrown [s\src\hotspot\share\prims\jni.cpp, line 520]
Event: 166.812 Thread 0x00000270fb0a3480 Exception <a 'java/lang/NoSuchMethodError'{0x00000000a7c96590}: 'void java.lang.invoke.DirectMethodHandle$Holder.invokeVirtual(java.lang.Object, java.lang.Object, long)'> (0x00000000a7c96590) 
thrown [s\src\hotspot\share\interpreter\linkResolver.cpp, line 773]
Event: 167.222 Thread 0x00000270fb0a3480 Exception <a 'java/lang/NoSuchMethodError'{0x00000000a7bd16f8}: 'int java.lang.invoke.DirectMethodHandle$Holder.invokeSpecial(java.lang.Object, java.lang.Object, int)'> (0x00000000a7bd16f8) 
thrown [s\src\hotspot\share\interpreter\linkResolver.cpp, line 773]
Event: 174.545 Thread 0x00000270fb0a3480 Exception <a 'java/lang/IncompatibleClassChangeError'{0x00000000a9778cc0}: Found class java.lang.Object, but interface was expected> (0x00000000a9778cc0) 
thrown [s\src\hotspot\share\interpreter\linkResolver.cpp, line 840]
Event: 195.943 Thread 0x00000270fc6add20 Implicit null exception at 0x00000270eaca8571 to 0x00000270eaca9140
Event: 199.732 Thread 0x00000270fb0a3480 Implicit null exception at 0x00000270eac56c33 to 0x00000270eac570d4

ZGC Phase Switch (0 events):
No events

VM Operations (20 events):
Event: 197.171 Executing safepoint VM operation: G1CollectForAllocation (GCLocker Initiated GC) done
Event: 198.185 Executing safepoint VM operation: Cleanup
Event: 198.201 Executing safepoint VM operation: Cleanup done
Event: 198.234 Executing safepoint VM operation: G1CollectForAllocation (G1 Evacuation Pause)
Event: 198.242 Executing safepoint VM operation: G1CollectForAllocation (G1 Evacuation Pause) done
Event: 198.695 Executing safepoint VM operation: G1PauseRemark
Event: 198.725 Executing safepoint VM operation: G1PauseRemark done
Event: 198.926 Executing safepoint VM operation: G1PauseCleanup
Event: 198.961 Executing safepoint VM operation: G1PauseCleanup done
Event: 199.972 Executing safepoint VM operation: Cleanup
Event: 199.972 Executing safepoint VM operation: Cleanup done
Event: 200.013 Executing safepoint VM operation: G1CollectForAllocation (G1 Evacuation Pause)
Event: 200.024 Executing safepoint VM operation: G1CollectForAllocation (G1 Evacuation Pause) done
Event: 202.109 Executing safepoint VM operation: G1CollectForAllocation (G1 Evacuation Pause)
Event: 202.125 Executing safepoint VM operation: G1CollectForAllocation (G1 Evacuation Pause) done
Event: 203.139 Executing safepoint VM operation: Cleanup
Event: 203.170 Executing safepoint VM operation: Cleanup done
Event: 203.679 Executing safepoint VM operation: G1CollectForAllocation (G1 Evacuation Pause)
Event: 203.698 Executing safepoint VM operation: G1CollectForAllocation (G1 Evacuation Pause) done
Event: 204.223 Executing safepoint VM operation: G1PauseRemark

Memory protections (0 events):
No events

Nmethod flushes (20 events):
Event: 204.242 Thread 0x00000270f6280b10 flushing  nmethod 0x00000270e4555d10
Event: 204.242 Thread 0x00000270f6280b10 flushing  nmethod 0x00000270e4556810
Event: 204.242 Thread 0x00000270f6280b10 flushing  nmethod 0x00000270e4557590
Event: 204.242 Thread 0x00000270f6280b10 flushing  nmethod 0x00000270e4558790
Event: 204.242 Thread 0x00000270f6280b10 flushing  nmethod 0x00000270e4559290
Event: 204.242 Thread 0x00000270f6280b10 flushing  nmethod 0x00000270e457e610
Event: 204.242 Thread 0x00000270f6280b10 flushing  nmethod 0x00000270e4581590
Event: 204.242 Thread 0x00000270f6280b10 flushing  nmethod 0x00000270e4584790
Event: 204.242 Thread 0x00000270f6280b10 flushing  nmethod 0x00000270e4586810
Event: 204.242 Thread 0x00000270f6280b10 flushing  nmethod 0x00000270e4590b90
Event: 204.242 Thread 0x00000270f6280b10 flushing  nmethod 0x00000270e4591510
Event: 204.242 Thread 0x00000270f6280b10 flushing  nmethod 0x00000270e4592b10
Event: 204.242 Thread 0x00000270f6280b10 flushing  nmethod 0x00000270e45e2c90
Event: 204.242 Thread 0x00000270f6280b10 flushing  nmethod 0x00000270e4616210
Event: 204.242 Thread 0x00000270f6280b10 flushing  nmethod 0x00000270e4657f10
Event: 204.242 Thread 0x00000270f6280b10 flushing  nmethod 0x00000270e469b510
Event: 204.242 Thread 0x00000270f6280b10 flushing  nmethod 0x00000270e46a2b90
Event: 204.242 Thread 0x00000270f6280b10 flushing  nmethod 0x00000270e46a3210
Event: 204.242 Thread 0x00000270f6280b10 flushing  nmethod 0x00000270e46a3890
Event: 204.242 Thread 0x00000270f6280b10 flushing  nmethod 0x00000270e46a8810

Events (20 events):
Event: 137.190 Thread 0x00000270fb0a3480 Thread added: 0x00000270fc415030
Event: 137.192 Thread 0x00000270fb0a3480 Thread added: 0x00000270fc410800
Event: 153.318 Thread 0x00000270fb0a3480 Thread added: 0x00000270ff77c130
Event: 153.318 Thread 0x00000270fb0a3480 Thread added: 0x00000270ff778620
Event: 153.319 Thread 0x00000270fb0a3480 Thread added: 0x00000270ff77baa0
Event: 169.429 Thread 0x00000270fb0a3480 Thread added: 0x00000270fc6ac970
Event: 169.429 Thread 0x00000270fb0a3480 Thread added: 0x00000270fc6b3f90
Event: 169.430 Thread 0x00000270fb0a3480 Thread added: 0x00000270fc6ad000
Event: 172.085 Thread 0x00000270fb0a3480 Thread added: 0x00000270fc6b0b10
Event: 172.085 Thread 0x00000270fb0a3480 Thread added: 0x00000270fc6b11a0
Event: 173.507 Thread 0x00000270fb0a3480 Thread added: 0x00000270fc6b2550
Event: 173.507 Thread 0x00000270fb0a3480 Thread added: 0x00000270fc6ad690
Event: 174.644 Thread 0x00000270fb0a3480 Thread added: 0x00000270fc6b3900
Event: 174.691 Thread 0x00000270fb0a3480 Thread added: 0x00000270fc6b1ec0
Event: 174.692 Thread 0x00000270fb0a3480 Thread added: 0x00000270fc6b3270
Event: 195.658 Thread 0x00000270fb0a3480 Thread added: 0x00000270fc6add20
Event: 195.686 Thread 0x00000270fb0a3480 Thread added: 0x00000270fc6ae3b0
Event: 195.690 Thread 0x00000270fb0a3480 Thread added: 0x00000270fc6b1830
Event: 196.796 Thread 0x00000270f62d32b0 Thread added: 0x00000270c1342ee0
Event: 199.587 Thread 0x00000270c1342ee0 Thread exited: 0x00000270c1342ee0


Dynamic libraries:
0x00007ff70fb90000 - 0x00007ff70fb9e000 	C:\Users\Mukhtar mubarok\.vscode\extensions\redhat.java-1.54.0-win32-x64\jre\21.0.10-win32-x86_64\bin\java.exe
0x00007ffc44d70000 - 0x00007ffc44f68000 	C:\Windows\SYSTEM32\ntdll.dll
0x00007ffc43420000 - 0x00007ffc434e2000 	C:\Windows\System32\KERNEL32.DLL
0x00007ffc42a10000 - 0x00007ffc42d06000 	C:\Windows\System32\KERNELBASE.dll
0x00007ffc42400000 - 0x00007ffc42500000 	C:\Windows\System32\ucrtbase.dll
0x00007ffc17250000 - 0x00007ffc17268000 	C:\Users\Mukhtar mubarok\.vscode\extensions\redhat.java-1.54.0-win32-x64\jre\21.0.10-win32-x86_64\bin\jli.dll
0x00007ffc43790000 - 0x00007ffc43931000 	C:\Windows\System32\USER32.dll
0x00007ffc425a0000 - 0x00007ffc425c2000 	C:\Windows\System32\win32u.dll
0x00007ffc43280000 - 0x00007ffc432ab000 	C:\Windows\System32\GDI32.dll
0x00007ffc42790000 - 0x00007ffc428a9000 	C:\Windows\System32\gdi32full.dll
0x00007ffc42500000 - 0x00007ffc4259d000 	C:\Windows\System32\msvcp_win.dll
0x00007ffc168e0000 - 0x00007ffc168fe000 	C:\Users\Mukhtar mubarok\.vscode\extensions\redhat.java-1.54.0-win32-x64\jre\21.0.10-win32-x86_64\bin\VCRUNTIME140.dll
0x00007ffc2e0c0000 - 0x00007ffc2e35b000 	C:\Windows\WinSxS\amd64_microsoft.windows.common-controls_6595b64144ccf1df_6.0.19041.6456_none_60b8a6cb71f64256\COMCTL32.dll
0x00007ffc440e0000 - 0x00007ffc4417e000 	C:\Windows\System32\msvcrt.dll
0x00007ffc42d90000 - 0x00007ffc42dbf000 	C:\Windows\System32\IMM32.DLL
0x00007ffc2b500000 - 0x00007ffc2b50c000 	C:\Users\Mukhtar mubarok\.vscode\extensions\redhat.java-1.54.0-win32-x64\jre\21.0.10-win32-x86_64\bin\vcruntime140_1.dll
0x00007ffc0e8c0000 - 0x00007ffc0e94d000 	C:\Users\Mukhtar mubarok\.vscode\extensions\redhat.java-1.54.0-win32-x64\jre\21.0.10-win32-x86_64\bin\msvcp140.dll
0x00007ffb8e490000 - 0x00007ffb8f231000 	C:\Users\Mukhtar mubarok\.vscode\extensions\redhat.java-1.54.0-win32-x64\jre\21.0.10-win32-x86_64\bin\server\jvm.dll
0x00007ffc43360000 - 0x00007ffc43411000 	C:\Windows\System32\ADVAPI32.dll
0x00007ffc432b0000 - 0x00007ffc4334f000 	C:\Windows\System32\sechost.dll
0x00007ffc43660000 - 0x00007ffc43780000 	C:\Windows\System32\RPCRT4.dll
0x00007ffc425d0000 - 0x00007ffc425f7000 	C:\Windows\System32\bcrypt.dll
0x00007ffc43db0000 - 0x00007ffc43e1b000 	C:\Windows\System32\WS2_32.dll
0x00007ffc41940000 - 0x00007ffc4198b000 	C:\Windows\SYSTEM32\POWRPROF.dll
0x00007ffc3b900000 - 0x00007ffc3b90a000 	C:\Windows\SYSTEM32\VERSION.dll
0x00007ffc2dfe0000 - 0x00007ffc2e007000 	C:\Windows\SYSTEM32\WINMM.dll
0x00007ffc41800000 - 0x00007ffc41812000 	C:\Windows\SYSTEM32\UMPDC.dll
0x00007ffc40c10000 - 0x00007ffc40c22000 	C:\Windows\SYSTEM32\kernel.appcore.dll
0x00007ffc28660000 - 0x00007ffc2866a000 	C:\Users\Mukhtar mubarok\.vscode\extensions\redhat.java-1.54.0-win32-x64\jre\21.0.10-win32-x86_64\bin\jimage.dll
0x00007ffc2e730000 - 0x00007ffc2e931000 	C:\Windows\SYSTEM32\DBGHELP.DLL
0x00007ffc2a260000 - 0x00007ffc2a294000 	C:\Windows\SYSTEM32\dbgcore.DLL
0x00007ffc426b0000 - 0x00007ffc42732000 	C:\Windows\System32\bcryptPrimitives.dll
0x00007ffc3d290000 - 0x00007ffc3d29f000 	C:\Users\Mukhtar mubarok\.vscode\extensions\redhat.java-1.54.0-win32-x64\jre\21.0.10-win32-x86_64\bin\instrument.dll
0x00007ffc15570000 - 0x00007ffc15590000 	C:\Users\Mukhtar mubarok\.vscode\extensions\redhat.java-1.54.0-win32-x64\jre\21.0.10-win32-x86_64\bin\java.dll
0x00007ffc44490000 - 0x00007ffc44c00000 	C:\Windows\System32\SHELL32.dll
0x00007ffc40450000 - 0x00007ffc40bf5000 	C:\Windows\SYSTEM32\windows.storage.dll
0x00007ffc42f10000 - 0x00007ffc43264000 	C:\Windows\System32\combase.dll
0x00007ffc41e30000 - 0x00007ffc41e5b000 	C:\Windows\SYSTEM32\Wldp.dll
0x00007ffc44c60000 - 0x00007ffc44d2d000 	C:\Windows\System32\OLEAUT32.dll
0x00007ffc43fd0000 - 0x00007ffc4407d000 	C:\Windows\System32\SHCORE.dll
0x00007ffc44080000 - 0x00007ffc440db000 	C:\Windows\System32\shlwapi.dll
0x00007ffc42330000 - 0x00007ffc42354000 	C:\Windows\SYSTEM32\profapi.dll
0x00007ffc0fee0000 - 0x00007ffc0fef8000 	C:\Users\Mukhtar mubarok\.vscode\extensions\redhat.java-1.54.0-win32-x64\jre\21.0.10-win32-x86_64\bin\zip.dll
0x00007ffc23ad0000 - 0x00007ffc23ae0000 	C:\Users\Mukhtar mubarok\.vscode\extensions\redhat.java-1.54.0-win32-x64\jre\21.0.10-win32-x86_64\bin\net.dll
0x00007ffc39680000 - 0x00007ffc3978a000 	C:\Windows\SYSTEM32\WINHTTP.dll
0x00007ffc41b90000 - 0x00007ffc41bfa000 	C:\Windows\system32\mswsock.dll
0x00007ffc0fd90000 - 0x00007ffc0fda6000 	C:\Users\Mukhtar mubarok\.vscode\extensions\redhat.java-1.54.0-win32-x64\jre\21.0.10-win32-x86_64\bin\nio.dll
0x00007ffc3d1f0000 - 0x00007ffc3d200000 	C:\Users\Mukhtar mubarok\.vscode\extensions\redhat.java-1.54.0-win32-x64\jre\21.0.10-win32-x86_64\bin\verify.dll
0x00007ffc23ed0000 - 0x00007ffc23ef7000 	C:\Users\Mukhtar mubarok\.gradle\native\1def1411415f61bf3af743bc5b6707747c0891f09f0c88961ee8f79bc544acac\windows-amd64\native-platform.dll
0x00007ffc129f0000 - 0x00007ffc12a68000 	C:\Users\Mukhtar mubarok\.gradle\native\0.2.7\x86_64-windows-gnu\gradle-fileevents.dll
0x00007ffc3d230000 - 0x00007ffc3d23a000 	C:\Users\Mukhtar mubarok\.vscode\extensions\redhat.java-1.54.0-win32-x64\jre\21.0.10-win32-x86_64\bin\management.dll
0x00007ffc37d00000 - 0x00007ffc37d0c000 	C:\Users\Mukhtar mubarok\.vscode\extensions\redhat.java-1.54.0-win32-x64\jre\21.0.10-win32-x86_64\bin\management_ext.dll
0x00007ffc43270000 - 0x00007ffc43278000 	C:\Windows\System32\PSAPI.DLL
0x00007ffc41820000 - 0x00007ffc4185b000 	C:\Windows\SYSTEM32\IPHLPAPI.DLL
0x00007ffc43350000 - 0x00007ffc43358000 	C:\Windows\System32\NSI.dll
0x00007ffc22230000 - 0x00007ffc22239000 	C:\Users\Mukhtar mubarok\.vscode\extensions\redhat.java-1.54.0-win32-x64\jre\21.0.10-win32-x86_64\bin\extnet.dll
0x00007ffc41d90000 - 0x00007ffc41da8000 	C:\Windows\SYSTEM32\CRYPTSP.dll
0x00007ffc41440000 - 0x00007ffc41478000 	C:\Windows\system32\rsaenh.dll
0x00007ffc422b0000 - 0x00007ffc422de000 	C:\Windows\SYSTEM32\USERENV.dll
0x00007ffc41d80000 - 0x00007ffc41d8c000 	C:\Windows\SYSTEM32\CRYPTBASE.dll
0x00007ffc23a60000 - 0x00007ffc23a6e000 	C:\Users\Mukhtar mubarok\.vscode\extensions\redhat.java-1.54.0-win32-x64\jre\21.0.10-win32-x86_64\bin\sunmscapi.dll
0x00007ffc428b0000 - 0x00007ffc42a0d000 	C:\Windows\System32\CRYPT32.dll
0x00007ffc41ea0000 - 0x00007ffc41ec7000 	C:\Windows\SYSTEM32\ncrypt.dll
0x00007ffc41e60000 - 0x00007ffc41e9b000 	C:\Windows\SYSTEM32\NTASN1.dll
0x00007ffc205f0000 - 0x00007ffc205f7000 	C:\Windows\system32\wshunix.dll
0x00007ffc41870000 - 0x00007ffc4193a000 	C:\Windows\SYSTEM32\DNSAPI.dll
0x00007ffc304d0000 - 0x00007ffc304da000 	C:\Windows\System32\rasadhlp.dll
0x00007ffc390f0000 - 0x00007ffc39170000 	C:\Windows\System32\fwpuclnt.dll

JVMTI agents:
C:\Users\Mukhtar mubarok\.gradle\wrapper\dists\gradle-8.14.3-all\10utluxaxniiv4wxiphsi49nj\gradle-8.14.3\lib\agents\gradle-instrumentation-agent-8.14.3.jar path:C:\Users\Mukhtar mubarok\.vscode\extensions\redhat.java-1.54.0-win32-x64\jre\21.0.10-win32-x86_64\bin\instrument.dll, loaded, initialized, instrumentlib options:none

dbghelp: loaded successfully - version: 4.0.5 - missing functions: none
symbol engine: initialized successfully - sym options: 0x614 - pdb path: .;C:\Users\Mukhtar mubarok\.vscode\extensions\redhat.java-1.54.0-win32-x64\jre\21.0.10-win32-x86_64\bin;C:\Windows\SYSTEM32;C:\Windows\WinSxS\amd64_microsoft.windows.common-controls_6595b64144ccf1df_6.0.19041.6456_none_60b8a6cb71f64256;C:\Users\Mukhtar mubarok\.vscode\extensions\redhat.java-1.54.0-win32-x64\jre\21.0.10-win32-x86_64\bin\server;C:\Users\Mukhtar mubarok\.gradle\native\1def1411415f61bf3af743bc5b6707747c0891f09f0c88961ee8f79bc544acac\windows-amd64;C:\Users\Mukhtar mubarok\.gradle\native\0.2.7\x86_64-windows-gnu

VM Arguments:
jvm_args: --add-opens=java.base/java.lang=ALL-UNNAMED --add-opens=java.base/java.lang.invoke=ALL-UNNAMED --add-opens=java.base/java.util=ALL-UNNAMED --add-opens=java.prefs/java.util.prefs=ALL-UNNAMED --add-exports=jdk.compiler/com.sun.tools.javac.api=ALL-UNNAMED --add-exports=jdk.compiler/com.sun.tools.javac.util=ALL-UNNAMED --add-opens=java.base/java.util=ALL-UNNAMED --add-opens=java.prefs/java.util.prefs=ALL-UNNAMED --add-opens=java.base/java.nio.charset=ALL-UNNAMED --add-opens=java.base/java.net=ALL-UNNAMED --add-opens=java.base/java.util.concurrent.atomic=ALL-UNNAMED --add-opens=java.xml/javax.xml.namespace=ALL-UNNAMED -Xmx1536m -Dfile.encoding=UTF-8 -Duser.country=ID -Duser.language=en -Duser.variant -javaagent:C:\Users\Mukhtar mubarok\.gradle\wrapper\dists\gradle-8.14.3-all\10utluxaxniiv4wxiphsi49nj\gradle-8.14.3\lib\agents\gradle-instrumentation-agent-8.14.3.jar 
java_command: org.gradle.launcher.daemon.bootstrap.GradleDaemon 8.14.3
java_class_path (initial): C:\Users\Mukhtar mubarok\.gradle\wrapper\dists\gradle-8.14.3-all\10utluxaxniiv4wxiphsi49nj\gradle-8.14.3\lib\gradle-daemon-main-8.14.3.jar
Launcher Type: SUN_STANDARD

[Global flags]
     intx CICompilerCount                          = 3                                         {product} {ergonomic}
     uint ConcGCThreads                            = 1                                         {product} {ergonomic}
     uint G1ConcRefinementThreads                  = 4                                         {product} {ergonomic}
   size_t G1HeapRegionSize                         = 1048576                                   {product} {ergonomic}
    uintx GCDrainStackTargetSize                   = 64                                        {product} {ergonomic}
   size_t InitialHeapSize                          = 132120576                                 {product} {ergonomic}
   size_t MarkStackSize                            = 4194304                                   {product} {ergonomic}
   size_t MaxHeapSize                              = 1610612736                                {product} {command line}
   size_t MaxNewSize                               = 965738496                                 {product} {ergonomic}
   size_t MinHeapDeltaBytes                        = 1048576                                   {product} {ergonomic}
   size_t MinHeapSize                              = 8388608                                   {product} {ergonomic}
    uintx NonNMethodCodeHeapSize                   = 5832780                                {pd product} {ergonomic}
    uintx NonProfiledCodeHeapSize                  = 122912730                              {pd product} {ergonomic}
    uintx ProfiledCodeHeapSize                     = 122912730                              {pd product} {ergonomic}
    uintx ReservedCodeCacheSize                    = 251658240                              {pd product} {ergonomic}
     bool SegmentedCodeCache                       = true                                      {product} {ergonomic}
   size_t SoftMaxHeapSize                          = 1610612736                             {manageable} {ergonomic}
     bool UseCompressedOops                        = true                           {product lp64_product} {ergonomic}
     bool UseG1GC                                  = true                                      {product} {ergonomic}
     bool UseLargePagesIndividualAllocation        = false                                  {pd product} {ergonomic}

Logging:
Log output configuration:
 #0: stdout all=warning uptime,level,tags foldmultilines=false
 #1: stderr all=off uptime,level,tags foldmultilines=false

Release file:
JAVA_VERSION="21.0.10" 
MODULES="java.base java.compiler java.datatransfer java.xml java.prefs java.desktop java.instrument java.logging java.management java.security.sasl java.naming java.rmi java.management.rmi java.net.http java.scripting java.security.jgss java.transaction.xa java.sql java.sql.rowset java.xml.crypto java.se java.smartcardio jdk.accessibility jdk.internal.jvmstat jdk.attach jdk.charsets jdk.internal.opt jdk.zipfs jdk.compiler jdk.crypto.ec jdk.crypto.cryptoki jdk.crypto.mscapi jdk.dynalink jdk.internal.ed jdk.editpad jdk.hotspot.agent jdk.httpserver jdk.internal.le jdk.internal.vm.ci jdk.internal.vm.compiler jdk.internal.vm.compiler.management jdk.jartool jdk.javadoc jdk.jcmd jdk.management jdk.management.agent jdk.jconsole jdk.jdeps jdk.jdwp.agent jdk.jdi jdk.jfr jdk.jshell jdk.jsobject jdk.jstatd jdk.localedata jdk.management.jfr jdk.naming.dns jdk.naming.rmi jdk.net jdk.nio.mapmode jdk.random jdk.sctp jdk.security.auth jdk.security.jgss jdk.unsupported jdk.unsupported.desktop jdk.xml.dom" 

Environment Variables:
JAVA_HOME=C:\Program Files\Java\jdk-11.0.27+6
PATH=C:\Program Files\Common Files\Oracle\Java\javapath;C:\Program Files (x86)\Intel\iCLS Client\;C:\Program Files\Intel\iCLS Client\;C:\Windows\system32;C:\Windows;C:\Windows\System32\Wbem;C:\Windows\System32\WindowsPowerShell\v1.0\;C:\Windows\System32\OpenSSH\;C:\Program Files\Java\jdk-11.0.27+6\bin;C:\Program Files\Microsoft SQL Server\150\Tools\Binn\;C:\Program Files\Microsoft SQL Server\Client SDK\ODBC\170\Tools\Binn\;C:\Program Files\dotnet\;C:\Program Files (x86)\Windows Kits\10\Windows Performance Toolkit\;C:\Program Files\nodejs\;C:\flutter\bin\cache\dart-sdk\bin;C:\Program Files\Git\cmd;C:\xampp\php;C:\flutter\bin;C:\cloudflared;;C:\Program Files\Docker\Docker\resources\bin;C:\Users\Mukhtar mubarok\AppData\Local\Microsoft\WindowsApps;C:\Users\Mukhtar mubarok\AppData\Local\Programs\Microsoft VS Code\bin;C:\flutter;C:\Users\Mukhtar mubarok\.dotnet\tools;C:\Users\Mukhtar mubarok\AppData\Roaming\npm;C:\Users\Mukhtar mubarok\AppData\Local\Pub\Cache\bin;C:\Users\Mukhtar mubarok\AppData\Local\GitHubDesktop\bin
USERNAME=Mukhtar mubarok
OS=Windows_NT
PROCESSOR_IDENTIFIER=Intel64 Family 6 Model 142 Stepping 9, GenuineIntel
TMP=C:\Users\MUKHTA~1\AppData\Local\Temp
TEMP=C:\Users\MUKHTA~1\AppData\Local\Temp




Periodic native trim disabled

---------------  S Y S T E M  ---------------

OS:
 Windows 10 , 64 bit Build 19041 (10.0.19041.5915)
OS uptime: 4 days 9:53 hours
Hyper-V role detected

CPU: total 4 (initial active 4) (2 cores per cpu, 2 threads per core) family 6 model 142 stepping 9 microcode 0xf6, cx8, cmov, fxsr, ht, mmx, 3dnowpref, sse, sse2, sse3, ssse3, sse4.1, sse4.2, popcnt, lzcnt, tsc, tscinvbit, avx, avx2, aes, erms, clmul, bmi1, bmi2, rtm, adx, fma, vzeroupper, clflush, clflushopt, hv, rdtscp, f16c
Processor Information for the first 4 processors :
  Max Mhz: 2301, Current Mhz: 1800, Mhz Limit: 1794

Memory: 4k page, system-wide physical 8057M (327M free)
TotalPageFile size 32633M (AvailPageFile size 0M)
current process WorkingSet (physical memory assigned to process): 381M, peak: 407M
current process commit charge ("private bytes"): 469M, peak: 488M

vm_info: OpenJDK 64-Bit Server VM (21.0.10+7-LTS) for windows-amd64 JRE (21.0.10+7-LTS), built on 2026-01-20T00:00:00Z by "admin" with MS VC++ 17.12 (VS2022)

END.
